[0.350s] DEBUG:colcon:Command line arguments: ['/usr/bin/colcon', 'build', '--packages-select', 'loadernasa']
[0.350s] DEBUG:colcon:Parsed command line arguments: Namespace(ament_cmake_args=None, base_paths=['.'], build_base='build', catkin_cmake_args=None, catkin_skip_building_tests=False, cmake_args=None, cmake_clean_cache=False, cmake_clean_first=False, cmake_force_configure=False, cmake_target=None, cmake_target_skip_unavailable=False, continue_on_error=False, event_handlers=None, executor='parallel', ignore_user_meta=False, install_base='install', log_base=None, log_level=None, main=<bound method BuildVerb.main of <colcon_core.verb.build.BuildVerb object at 0x7f3b3c1ff1d0>>, merge_install=False, metas=['./colcon.meta'], packages_above=None, packages_above_depth=None, packages_end=None, packages_ignore=None, packages_ignore_regex=None, packages_select=['loadernasa'], packages_select_build_failed=False, packages_select_by_dep=None, packages_select_regex=None, packages_select_test_failures=False, packages_skip=None, packages_skip_build_finished=False, packages_skip_by_dep=None, packages_skip_regex=None, packages_skip_test_passed=False, packages_skip_up_to=None, packages_start=None, packages_up_to=None, parallel_workers=8, paths=None, symlink_install=False, test_result_base=None, verb_extension=<colcon_core.verb.build.BuildVerb object at 0x7f3b3c1ff1d0>, verb_name='build', verb_parser=<colcon_defaults.argument_parser.defaults.DefaultArgumentsDecorator object at 0x7f3b3c1ff4e0>)
[0.425s] Level 1:colcon.colcon_core.package_discovery:discover_packages(colcon_meta) check parameters
[0.425s] Level 1:colcon.colcon_core.package_discovery:discover_packages(recursive) check parameters
[0.426s] Level 1:colcon.colcon_core.package_discovery:discover_packages(ignore) check parameters
[0.426s] Level 1:colcon.colcon_core.package_discovery:discover_packages(path) check parameters
[0.426s] Level 1:colcon.colcon_core.package_discovery:discover_packages(colcon_meta) discover
[0.426s] Level 1:colcon.colcon_core.package_discovery:discover_packages(recursive) discover
[0.426s] INFO:colcon.colcon_core.package_discovery:Crawling recursively for packages in '/home/nasarmc/loaderWorkSpace'
[0.426s] Level 1:colcon.colcon_core.package_identification:_identify(.) by extensions ['ignore', 'ignore_ament_install']
[0.426s] Level 1:colcon.colcon_core.package_identification:_identify(.) by extension 'ignore'
[0.427s] Level 1:colcon.colcon_core.package_identification:_identify(.) by extension 'ignore_ament_install'
[0.427s] Level 1:colcon.colcon_core.package_identification:_identify(.) by extensions ['colcon_pkg']
[0.427s] Level 1:colcon.colcon_core.package_identification:_identify(.) by extension 'colcon_pkg'
[0.427s] Level 1:colcon.colcon_core.package_identification:_identify(.) by extensions ['colcon_meta']
[0.427s] Level 1:colcon.colcon_core.package_identification:_identify(.) by extension 'colcon_meta'
[0.427s] Level 1:colcon.colcon_core.package_identification:_identify(.) by extensions ['ros']
[0.427s] Level 1:colcon.colcon_core.package_identification:_identify(.) by extension 'ros'
[0.443s] Level 1:colcon.colcon_core.package_identification:_identify(.) by extensions ['cmake', 'python']
[0.443s] Level 1:colcon.colcon_core.package_identification:_identify(.) by extension 'cmake'
[0.443s] Level 1:colcon.colcon_core.package_identification:_identify(.) by extension 'python'
[0.443s] Level 1:colcon.colcon_core.package_identification:_identify(.) by extensions ['python_setup_py']
[0.443s] Level 1:colcon.colcon_core.package_identification:_identify(.) by extension 'python_setup_py'
[0.443s] Level 1:colcon.colcon_core.package_identification:_identify(build) by extensions ['ignore', 'ignore_ament_install']
[0.444s] Level 1:colcon.colcon_core.package_identification:_identify(build) by extension 'ignore'
[0.444s] Level 1:colcon.colcon_core.package_identification:_identify(build) ignored
[0.444s] Level 1:colcon.colcon_core.package_identification:_identify(install) by extensions ['ignore', 'ignore_ament_install']
[0.444s] Level 1:colcon.colcon_core.package_identification:_identify(install) by extension 'ignore'
[0.444s] Level 1:colcon.colcon_core.package_identification:_identify(install) ignored
[0.445s] Level 1:colcon.colcon_core.package_identification:_identify(log) by extensions ['ignore', 'ignore_ament_install']
[0.445s] Level 1:colcon.colcon_core.package_identification:_identify(log) by extension 'ignore'
[0.445s] Level 1:colcon.colcon_core.package_identification:_identify(log) ignored
[0.445s] Level 1:colcon.colcon_core.package_identification:_identify(src) by extensions ['ignore', 'ignore_ament_install']
[0.445s] Level 1:colcon.colcon_core.package_identification:_identify(src) by extension 'ignore'
[0.445s] Level 1:colcon.colcon_core.package_identification:_identify(src) by extension 'ignore_ament_install'
[0.446s] Level 1:colcon.colcon_core.package_identification:_identify(src) by extensions ['colcon_pkg']
[0.446s] Level 1:colcon.colcon_core.package_identification:_identify(src) by extension 'colcon_pkg'
[0.446s] Level 1:colcon.colcon_core.package_identification:_identify(src) by extensions ['colcon_meta']
[0.446s] Level 1:colcon.colcon_core.package_identification:_identify(src) by extension 'colcon_meta'
[0.446s] Level 1:colcon.colcon_core.package_identification:_identify(src) by extensions ['ros']
[0.446s] Level 1:colcon.colcon_core.package_identification:_identify(src) by extension 'ros'
[0.446s] Level 1:colcon.colcon_core.package_identification:_identify(src) by extensions ['cmake', 'python']
[0.446s] Level 1:colcon.colcon_core.package_identification:_identify(src) by extension 'cmake'
[0.446s] Level 1:colcon.colcon_core.package_identification:_identify(src) by extension 'python'
[0.446s] Level 1:colcon.colcon_core.package_identification:_identify(src) by extensions ['python_setup_py']
[0.446s] Level 1:colcon.colcon_core.package_identification:_identify(src) by extension 'python_setup_py'
[0.447s] Level 1:colcon.colcon_core.package_identification:_identify(src/loadernasa) by extensions ['ignore', 'ignore_ament_install']
[0.447s] Level 1:colcon.colcon_core.package_identification:_identify(src/loadernasa) by extension 'ignore'
[0.447s] Level 1:colcon.colcon_core.package_identification:_identify(src/loadernasa) by extension 'ignore_ament_install'
[0.447s] Level 1:colcon.colcon_core.package_identification:_identify(src/loadernasa) by extensions ['colcon_pkg']
[0.447s] Level 1:colcon.colcon_core.package_identification:_identify(src/loadernasa) by extension 'colcon_pkg'
[0.447s] Level 1:colcon.colcon_core.package_identification:_identify(src/loadernasa) by extensions ['colcon_meta']
[0.447s] Level 1:colcon.colcon_core.package_identification:_identify(src/loadernasa) by extension 'colcon_meta'
[0.447s] Level 1:colcon.colcon_core.package_identification:_identify(src/loadernasa) by extensions ['ros']
[0.447s] Level 1:colcon.colcon_core.package_identification:_identify(src/loadernasa) by extension 'ros'
[0.449s] DEBUG:colcon.colcon_core.package_identification:Failed to parse potential ROS package manifest in'src/loadernasa': Error(s) in package 'src/loadernasa/package.xml':
The manifest contains invalid XML:
mismatched tag: line 13, column 35
[0.449s] Level 1:colcon.colcon_core.package_identification:_identify(src/loadernasa) by extensions ['cmake', 'python']
[0.449s] Level 1:colcon.colcon_core.package_identification:_identify(src/loadernasa) by extension 'cmake'
[0.450s] Level 1:colcon.colcon_core.package_identification:_identify(src/loadernasa) by extension 'python'
[0.450s] DEBUG:colcon.colcon_core.package_identification:Python package in 'src/loadernasa' passes arguments to the setup() function which requires a different identification extension than 'python'
[0.450s] Level 1:colcon.colcon_core.package_identification:_identify(src/loadernasa) by extensions ['python_setup_py']
[0.450s] Level 1:colcon.colcon_core.package_identification:_identify(src/loadernasa) by extension 'python_setup_py'
[0.950s] DEBUG:colcon.colcon_core.package_identification:Package 'src/loadernasa' with type 'python' and name 'loadernasa'
[0.950s] Level 1:colcon.colcon_core.package_discovery:discover_packages(recursive) using defaults
[0.951s] Level 1:colcon.colcon_core.package_discovery:discover_packages(ignore) discover
[0.951s] Level 1:colcon.colcon_core.package_discovery:discover_packages(ignore) using defaults
[0.951s] Level 1:colcon.colcon_core.package_discovery:discover_packages(path) discover
[0.951s] Level 1:colcon.colcon_core.package_discovery:discover_packages(path) using defaults
[0.960s] Level 5:colcon.colcon_core.verb:set package 'loadernasa' build argument 'cmake_args' from command line to 'None'
[0.960s] Level 5:colcon.colcon_core.verb:set package 'loadernasa' build argument 'cmake_target' from command line to 'None'
[0.960s] Level 5:colcon.colcon_core.verb:set package 'loadernasa' build argument 'cmake_target_skip_unavailable' from command line to 'False'
[0.960s] Level 5:colcon.colcon_core.verb:set package 'loadernasa' build argument 'cmake_clean_cache' from command line to 'False'
[0.960s] Level 5:colcon.colcon_core.verb:set package 'loadernasa' build argument 'cmake_clean_first' from command line to 'False'
[0.960s] Level 5:colcon.colcon_core.verb:set package 'loadernasa' build argument 'cmake_force_configure' from command line to 'False'
[0.961s] Level 5:colcon.colcon_core.verb:set package 'loadernasa' build argument 'ament_cmake_args' from command line to 'None'
[0.961s] Level 5:colcon.colcon_core.verb:set package 'loadernasa' build argument 'catkin_cmake_args' from command line to 'None'
[0.961s] Level 5:colcon.colcon_core.verb:set package 'loadernasa' build argument 'catkin_skip_building_tests' from command line to 'False'
[0.961s] DEBUG:colcon.colcon_core.verb:Building package 'loadernasa' with the following arguments: {'ament_cmake_args': None, 'build_base': '/home/nasarmc/loaderWorkSpace/build/loadernasa', 'catkin_cmake_args': None, 'catkin_skip_building_tests': False, 'cmake_args': None, 'cmake_clean_cache': False, 'cmake_clean_first': False, 'cmake_force_configure': False, 'cmake_target': None, 'cmake_target_skip_unavailable': False, 'install_base': '/home/nasarmc/loaderWorkSpace/install/loadernasa', 'merge_install': False, 'path': '/home/nasarmc/loaderWorkSpace/src/loadernasa', 'symlink_install': False, 'test_result_base': None}
[0.961s] INFO:colcon.colcon_core.executor:Executing jobs using 'parallel' executor
[0.964s] DEBUG:colcon.colcon_parallel_executor.executor.parallel:run_until_complete
[0.965s] INFO:colcon.colcon_core.task.python.build:Building Python package in '/home/nasarmc/loaderWorkSpace/src/loadernasa'
[0.972s] INFO:colcon.colcon_core.plugin_system:Skipping extension 'colcon_core.shell.bat': Not used on non-Windows systems
[0.972s] INFO:colcon.colcon_core.shell:Skip shell extension 'powershell' for command environment: Not usable outside of PowerShell
[0.972s] DEBUG:colcon.colcon_core.shell:Skip shell extension 'dsv' for command environment
[0.976s] DEBUG:colcon.colcon_core.shell:Ignoring prefix path '/opt/ros/dashing'
[1.648s] DEBUG:colcon.colcon_core.event_handler.log_command:Invoking command in '/home/nasarmc/loaderWorkSpace/src/loadernasa': PYTHONPATH=/home/nasarmc/loaderWorkSpace/install/loadernasa/lib/python3.6/site-packages:${PYTHONPATH} /usr/bin/python3 setup.py egg_info --egg-base /home/nasarmc/loaderWorkSpace/build/loadernasa build --build-base /home/nasarmc/loaderWorkSpace/build/loadernasa/build install --prefix /home/nasarmc/loaderWorkSpace/install/loadernasa --record /home/nasarmc/loaderWorkSpace/build/loadernasa/install.log --single-version-externally-managed
[2.340s] DEBUG:colcon.colcon_core.event_handler.log_command:Invoked command in '/home/nasarmc/loaderWorkSpace/src/loadernasa' returned '0': PYTHONPATH=/home/nasarmc/loaderWorkSpace/install/loadernasa/lib/python3.6/site-packages:${PYTHONPATH} /usr/bin/python3 setup.py egg_info --egg-base /home/nasarmc/loaderWorkSpace/build/loadernasa build --build-base /home/nasarmc/loaderWorkSpace/build/loadernasa/build install --prefix /home/nasarmc/loaderWorkSpace/install/loadernasa --record /home/nasarmc/loaderWorkSpace/build/loadernasa/install.log --single-version-externally-managed
[2.345s] Level 1:colcon.colcon_core.environment:checking '/home/nasarmc/loaderWorkSpace/install/loadernasa' for CMake module files
[2.347s] Level 1:colcon.colcon_core.environment:checking '/home/nasarmc/loaderWorkSpace/install/loadernasa' for CMake config files
[2.350s] Level 1:colcon.colcon_core.environment:checking '/home/nasarmc/loaderWorkSpace/install/loadernasa/lib'
[2.350s] Level 1:colcon.colcon_core.environment:checking '/home/nasarmc/loaderWorkSpace/install/loadernasa/bin'
[2.350s] Level 1:colcon.colcon_core.environment:checking '/home/nasarmc/loaderWorkSpace/install/loadernasa/lib/pkgconfig/loadernasa.pc'
[2.350s] Level 1:colcon.colcon_core.environment:checking '/home/nasarmc/loaderWorkSpace/install/loadernasa/lib/python3.6/site-packages'
[2.350s] Level 1:colcon.colcon_core.shell:create_environment_hook('loadernasa', 'pythonpath')
[2.351s] INFO:colcon.colcon_core.shell:Creating environment hook '/home/nasarmc/loaderWorkSpace/install/loadernasa/share/loadernasa/hook/pythonpath.ps1'
[2.353s] INFO:colcon.colcon_core.shell:Creating environment descriptor '/home/nasarmc/loaderWorkSpace/install/loadernasa/share/loadernasa/hook/pythonpath.dsv'
[2.354s] INFO:colcon.colcon_core.shell:Creating environment hook '/home/nasarmc/loaderWorkSpace/install/loadernasa/share/loadernasa/hook/pythonpath.sh'
[2.355s] Level 1:colcon.colcon_core.environment:create_environment_scripts_only(loadernasa)
[2.356s] INFO:colcon.colcon_core.shell:Creating package script '/home/nasarmc/loaderWorkSpace/install/loadernasa/share/loadernasa/package.ps1'
[2.358s] INFO:colcon.colcon_core.shell:Creating package descriptor '/home/nasarmc/loaderWorkSpace/install/loadernasa/share/loadernasa/package.dsv'
[2.359s] INFO:colcon.colcon_core.shell:Creating package script '/home/nasarmc/loaderWorkSpace/install/loadernasa/share/loadernasa/package.sh'
[2.361s] INFO:colcon.colcon_core.shell:Creating package script '/home/nasarmc/loaderWorkSpace/install/loadernasa/share/loadernasa/package.bash'
[2.362s] INFO:colcon.colcon_core.shell:Creating package script '/home/nasarmc/loaderWorkSpace/install/loadernasa/share/loadernasa/package.zsh'
[2.364s] Level 1:colcon.colcon_core.environment:create_file_with_runtime_dependencies(/home/nasarmc/loaderWorkSpace/install/loadernasa/share/colcon-core/packages/loadernasa)
[2.365s] DEBUG:colcon.colcon_parallel_executor.executor.parallel:closing loop
[2.365s] DEBUG:colcon.colcon_parallel_executor.executor.parallel:loop closed
[2.365s] DEBUG:colcon.colcon_parallel_executor.executor.parallel:run_until_complete finished with '0'
[2.366s] DEBUG:colcon.colcon_core.event_reactor:joining thread
[2.384s] INFO:colcon.colcon_core.plugin_system:Skipping extension 'colcon_notification.desktop_notification.notify_send': Could not find 'notify-send'
[2.384s] INFO:colcon.colcon_core.plugin_system:Skipping extension 'colcon_notification.desktop_notification.terminal_notifier': Not used on non-Darwin systems
[2.384s] INFO:colcon.colcon_core.plugin_system:Skipping extension 'colcon_notification.desktop_notification.win32': Not used on non-Windows systems
[2.384s] INFO:colcon.colcon_notification.desktop_notification:Sending desktop notification using 'notify2'
[2.385s] DEBUG:colcon.colcon_notification.desktop_notification.notify2:Failed to initialize notify2: org.freedesktop.DBus.Error.NotSupported: Unable to autolaunch a dbus-daemon without a $DISPLAY for X11
[2.385s] DEBUG:colcon.colcon_core.event_reactor:joined thread
[2.385s] INFO:colcon.colcon_core.shell:Creating prefix script '/home/nasarmc/loaderWorkSpace/install/local_setup.ps1'
[2.387s] INFO:colcon.colcon_core.shell:Creating prefix util module '/home/nasarmc/loaderWorkSpace/install/_local_setup_util_ps1.py'
[2.390s] INFO:colcon.colcon_core.shell:Creating prefix chain script '/home/nasarmc/loaderWorkSpace/install/setup.ps1'
[2.394s] INFO:colcon.colcon_core.shell:Creating prefix script '/home/nasarmc/loaderWorkSpace/install/local_setup.sh'
[2.396s] INFO:colcon.colcon_core.shell:Creating prefix util module '/home/nasarmc/loaderWorkSpace/install/_local_setup_util_sh.py'
[2.396s] INFO:colcon.colcon_core.shell:Creating prefix chain script '/home/nasarmc/loaderWorkSpace/install/setup.sh'
[2.400s] INFO:colcon.colcon_core.shell:Creating prefix script '/home/nasarmc/loaderWorkSpace/install/local_setup.bash'
[2.401s] INFO:colcon.colcon_core.shell:Creating prefix chain script '/home/nasarmc/loaderWorkSpace/install/setup.bash'
[2.404s] INFO:colcon.colcon_core.shell:Creating prefix script '/home/nasarmc/loaderWorkSpace/install/local_setup.zsh'
[2.405s] INFO:colcon.colcon_core.shell:Creating prefix chain script '/home/nasarmc/loaderWorkSpace/install/setup.zsh'
