[1.247s] running egg_info
[1.247s] writing /home/nasarmc/loaderWorkSpace/build/loadernasa/loadernasa.egg-info/PKG-INFO
[1.248s] writing dependency_links to /home/nasarmc/loaderWorkSpace/build/loadernasa/loadernasa.egg-info/dependency_links.txt
[1.249s] writing entry points to /home/nasarmc/loaderWorkSpace/build/loadernasa/loadernasa.egg-info/entry_points.txt
[1.249s] writing requirements to /home/nasarmc/loaderWorkSpace/build/loadernasa/loadernasa.egg-info/requires.txt
[1.250s] writing top-level names to /home/nasarmc/loaderWorkSpace/build/loadernasa/loadernasa.egg-info/top_level.txt
[1.299s] reading manifest file '/home/nasarmc/loaderWorkSpace/build/loadernasa/loadernasa.egg-info/SOURCES.txt'
[1.301s] writing manifest file '/home/nasarmc/loaderWorkSpace/build/loadernasa/loadernasa.egg-info/SOURCES.txt'
[1.301s] running build
[1.301s] running build_py
[1.302s] running install
[1.303s] running install_lib
[1.305s] byte-compiling /home/nasarmc/loaderWorkSpace/install/loadernasa/lib/python3.6/site-packages/loadernasa/service_member_function.py to service_member_function.cpython-36.pyc
[1.305s] Sorry: IndentationError: unexpected indent (service_member_function.py, line 11)
[1.306s] running install_data
[1.306s] running install_egg_info
[1.309s] removing '/home/nasarmc/loaderWorkSpace/install/loadernasa/lib/python3.6/site-packages/loadernasa-0.0.0-py3.6.egg-info' (and everything under it)
[1.313s] Copying /home/nasarmc/loaderWorkSpace/build/loadernasa/loadernasa.egg-info to /home/nasarmc/loaderWorkSpace/install/loadernasa/lib/python3.6/site-packages/loadernasa-0.0.0-py3.6.egg-info
[1.327s] running install_scripts
[1.352s] Installing client script to /home/nasarmc/loaderWorkSpace/install/loadernasa/lib/loadernasa
[1.353s] Installing listener script to /home/nasarmc/loaderWorkSpace/install/loadernasa/lib/loadernasa
[1.353s] Installing service script to /home/nasarmc/loaderWorkSpace/install/loadernasa/lib/loadernasa
[1.354s] Installing talker script to /home/nasarmc/loaderWorkSpace/install/loadernasa/lib/loadernasa
[1.355s] writing list of installed files to '/home/nasarmc/loaderWorkSpace/build/loadernasa/install.log'
