[4.036s] running egg_info
[4.038s] writing /home/ubuntu/Documents/RMC-MQP-2019-20/RASPI4/loaderWorkSpace/build/loadernasa/loadernasa.egg-info/PKG-INFO
[4.041s] writing dependency_links to /home/ubuntu/Documents/RMC-MQP-2019-20/RASPI4/loaderWorkSpace/build/loadernasa/loadernasa.egg-info/dependency_links.txt
[4.042s] writing entry points to /home/ubuntu/Documents/RMC-MQP-2019-20/RASPI4/loaderWorkSpace/build/loadernasa/loadernasa.egg-info/entry_points.txt
[4.043s] writing requirements to /home/ubuntu/Documents/RMC-MQP-2019-20/RASPI4/loaderWorkSpace/build/loadernasa/loadernasa.egg-info/requires.txt
[4.044s] writing top-level names to /home/ubuntu/Documents/RMC-MQP-2019-20/RASPI4/loaderWorkSpace/build/loadernasa/loadernasa.egg-info/top_level.txt
[4.216s] reading manifest file '/home/ubuntu/Documents/RMC-MQP-2019-20/RASPI4/loaderWorkSpace/build/loadernasa/loadernasa.egg-info/SOURCES.txt'
[4.225s] writing manifest file '/home/ubuntu/Documents/RMC-MQP-2019-20/RASPI4/loaderWorkSpace/build/loadernasa/loadernasa.egg-info/SOURCES.txt'
[4.226s] running build
[4.226s] running build_py
[4.227s] copying loadernasa/pi4ImuClient.py -> /home/ubuntu/Documents/RMC-MQP-2019-20/RASPI4/loaderWorkSpace/build/loadernasa/build/lib/loadernasa
[4.229s] copying loadernasa/odriveCmdClient.py -> /home/ubuntu/Documents/RMC-MQP-2019-20/RASPI4/loaderWorkSpace/build/loadernasa/build/lib/loadernasa
[4.231s] copying loadernasa/imuService.py -> /home/ubuntu/Documents/RMC-MQP-2019-20/RASPI4/loaderWorkSpace/build/loadernasa/build/lib/loadernasa
[4.231s] copying loadernasa/pi4OdriveSub.py -> /home/ubuntu/Documents/RMC-MQP-2019-20/RASPI4/loaderWorkSpace/build/loadernasa/build/lib/loadernasa
[4.232s] copying loadernasa/heroPi4Client.py -> /home/ubuntu/Documents/RMC-MQP-2019-20/RASPI4/loaderWorkSpace/build/loadernasa/build/lib/loadernasa
[4.234s] copying loadernasa/odriveEncoderPub.py -> /home/ubuntu/Documents/RMC-MQP-2019-20/RASPI4/loaderWorkSpace/build/loadernasa/build/lib/loadernasa
[4.237s] running install
[4.239s] running install_lib
[4.243s] copying /home/ubuntu/Documents/RMC-MQP-2019-20/RASPI4/loaderWorkSpace/build/loadernasa/build/lib/loadernasa/pi4ImuClient.py -> /home/ubuntu/Documents/RMC-MQP-2019-20/RASPI4/loaderWorkSpace/install/loadernasa/lib/python3.6/site-packages/loadernasa
[4.244s] copying /home/ubuntu/Documents/RMC-MQP-2019-20/RASPI4/loaderWorkSpace/build/loadernasa/build/lib/loadernasa/odriveCmdClient.py -> /home/ubuntu/Documents/RMC-MQP-2019-20/RASPI4/loaderWorkSpace/install/loadernasa/lib/python3.6/site-packages/loadernasa
[4.246s] copying /home/ubuntu/Documents/RMC-MQP-2019-20/RASPI4/loaderWorkSpace/build/loadernasa/build/lib/loadernasa/imuService.py -> /home/ubuntu/Documents/RMC-MQP-2019-20/RASPI4/loaderWorkSpace/install/loadernasa/lib/python3.6/site-packages/loadernasa
[4.247s] copying /home/ubuntu/Documents/RMC-MQP-2019-20/RASPI4/loaderWorkSpace/build/loadernasa/build/lib/loadernasa/pi4OdriveSub.py -> /home/ubuntu/Documents/RMC-MQP-2019-20/RASPI4/loaderWorkSpace/install/loadernasa/lib/python3.6/site-packages/loadernasa
[4.248s] copying /home/ubuntu/Documents/RMC-MQP-2019-20/RASPI4/loaderWorkSpace/build/loadernasa/build/lib/loadernasa/heroPi4Client.py -> /home/ubuntu/Documents/RMC-MQP-2019-20/RASPI4/loaderWorkSpace/install/loadernasa/lib/python3.6/site-packages/loadernasa
[4.250s] copying /home/ubuntu/Documents/RMC-MQP-2019-20/RASPI4/loaderWorkSpace/build/loadernasa/build/lib/loadernasa/odriveEncoderPub.py -> /home/ubuntu/Documents/RMC-MQP-2019-20/RASPI4/loaderWorkSpace/install/loadernasa/lib/python3.6/site-packages/loadernasa
[4.253s] byte-compiling /home/ubuntu/Documents/RMC-MQP-2019-20/RASPI4/loaderWorkSpace/install/loadernasa/lib/python3.6/site-packages/loadernasa/pi4ImuClient.py to pi4ImuClient.cpython-36.pyc
[4.256s] byte-compiling /home/ubuntu/Documents/RMC-MQP-2019-20/RASPI4/loaderWorkSpace/install/loadernasa/lib/python3.6/site-packages/loadernasa/odriveCmdClient.py to odriveCmdClient.cpython-36.pyc
[4.260s] byte-compiling /home/ubuntu/Documents/RMC-MQP-2019-20/RASPI4/loaderWorkSpace/install/loadernasa/lib/python3.6/site-packages/loadernasa/imuService.py to imuService.cpython-36.pyc
[4.262s] byte-compiling /home/ubuntu/Documents/RMC-MQP-2019-20/RASPI4/loaderWorkSpace/install/loadernasa/lib/python3.6/site-packages/loadernasa/pi4OdriveSub.py to pi4OdriveSub.cpython-36.pyc
[4.264s] byte-compiling /home/ubuntu/Documents/RMC-MQP-2019-20/RASPI4/loaderWorkSpace/install/loadernasa/lib/python3.6/site-packages/loadernasa/heroPi4Client.py to heroPi4Client.cpython-36.pyc
[4.267s] byte-compiling /home/ubuntu/Documents/RMC-MQP-2019-20/RASPI4/loaderWorkSpace/install/loadernasa/lib/python3.6/site-packages/loadernasa/odriveEncoderPub.py to odriveEncoderPub.cpython-36.pyc
[4.274s] running install_data
[4.280s] running install_egg_info
[4.289s] removing '/home/ubuntu/Documents/RMC-MQP-2019-20/RASPI4/loaderWorkSpace/install/loadernasa/lib/python3.6/site-packages/loadernasa-0.0.0-py3.6.egg-info' (and everything under it)
[4.291s] Copying /home/ubuntu/Documents/RMC-MQP-2019-20/RASPI4/loaderWorkSpace/build/loadernasa/loadernasa.egg-info to /home/ubuntu/Documents/RMC-MQP-2019-20/RASPI4/loaderWorkSpace/install/loadernasa/lib/python3.6/site-packages/loadernasa-0.0.0-py3.6.egg-info
[4.296s] running install_scripts
[4.384s] Installing client script to /home/ubuntu/Documents/RMC-MQP-2019-20/RASPI4/loaderWorkSpace/install/loadernasa/lib/loadernasa
[4.385s] Installing heroPi4Client script to /home/ubuntu/Documents/RMC-MQP-2019-20/RASPI4/loaderWorkSpace/install/loadernasa/lib/loadernasa
[4.386s] Installing heroPi4Pub script to /home/ubuntu/Documents/RMC-MQP-2019-20/RASPI4/loaderWorkSpace/install/loadernasa/lib/loadernasa
[4.386s] Installing imuService script to /home/ubuntu/Documents/RMC-MQP-2019-20/RASPI4/loaderWorkSpace/install/loadernasa/lib/loadernasa
[4.387s] Installing jetsonSevice script to /home/ubuntu/Documents/RMC-MQP-2019-20/RASPI4/loaderWorkSpace/install/loadernasa/lib/loadernasa
[4.388s] Installing listener script to /home/ubuntu/Documents/RMC-MQP-2019-20/RASPI4/loaderWorkSpace/install/loadernasa/lib/loadernasa
[4.389s] Installing odriveCmdClient script to /home/ubuntu/Documents/RMC-MQP-2019-20/RASPI4/loaderWorkSpace/install/loadernasa/lib/loadernasa
[4.390s] Installing odriveEncoderPub script to /home/ubuntu/Documents/RMC-MQP-2019-20/RASPI4/loaderWorkSpace/install/loadernasa/lib/loadernasa
[4.391s] Installing pi4CameraClient script to /home/ubuntu/Documents/RMC-MQP-2019-20/RASPI4/loaderWorkSpace/install/loadernasa/lib/loadernasa
[4.392s] Installing pi4HeroService script to /home/ubuntu/Documents/RMC-MQP-2019-20/RASPI4/loaderWorkSpace/install/loadernasa/lib/loadernasa
[4.392s] Installing pi4HeroSub script to /home/ubuntu/Documents/RMC-MQP-2019-20/RASPI4/loaderWorkSpace/install/loadernasa/lib/loadernasa
[4.393s] Installing pi4ImuClient script to /home/ubuntu/Documents/RMC-MQP-2019-20/RASPI4/loaderWorkSpace/install/loadernasa/lib/loadernasa
[4.394s] Installing pi4OdriveCmdService script to /home/ubuntu/Documents/RMC-MQP-2019-20/RASPI4/loaderWorkSpace/install/loadernasa/lib/loadernasa
[4.395s] Installing pi4OdriveSub script to /home/ubuntu/Documents/RMC-MQP-2019-20/RASPI4/loaderWorkSpace/install/loadernasa/lib/loadernasa
[4.396s] Installing service script to /home/ubuntu/Documents/RMC-MQP-2019-20/RASPI4/loaderWorkSpace/install/loadernasa/lib/loadernasa
[4.397s] Installing talker script to /home/ubuntu/Documents/RMC-MQP-2019-20/RASPI4/loaderWorkSpace/install/loadernasa/lib/loadernasa
[4.400s] writing list of installed files to '/home/ubuntu/Documents/RMC-MQP-2019-20/RASPI4/loaderWorkSpace/build/loadernasa/install.log'
