[4.065s] running egg_info
[4.068s] writing /home/ubuntu/Documents/RMC-MQP-2019-20/RASPI4/loaderWorkSpace/build/loadernasa/loadernasa.egg-info/PKG-INFO
[4.072s] writing dependency_links to /home/ubuntu/Documents/RMC-MQP-2019-20/RASPI4/loaderWorkSpace/build/loadernasa/loadernasa.egg-info/dependency_links.txt
[4.073s] writing entry points to /home/ubuntu/Documents/RMC-MQP-2019-20/RASPI4/loaderWorkSpace/build/loadernasa/loadernasa.egg-info/entry_points.txt
[4.074s] writing requirements to /home/ubuntu/Documents/RMC-MQP-2019-20/RASPI4/loaderWorkSpace/build/loadernasa/loadernasa.egg-info/requires.txt
[4.075s] writing top-level names to /home/ubuntu/Documents/RMC-MQP-2019-20/RASPI4/loaderWorkSpace/build/loadernasa/loadernasa.egg-info/top_level.txt
[4.286s] reading manifest file '/home/ubuntu/Documents/RMC-MQP-2019-20/RASPI4/loaderWorkSpace/build/loadernasa/loadernasa.egg-info/SOURCES.txt'
[4.297s] writing manifest file '/home/ubuntu/Documents/RMC-MQP-2019-20/RASPI4/loaderWorkSpace/build/loadernasa/loadernasa.egg-info/SOURCES.txt'
[4.298s] running build
[4.298s] running build_py
[4.308s] running install
[4.310s] running install_lib
[4.327s] running install_data
[4.330s] running install_egg_info
[4.342s] removing '/home/ubuntu/Documents/RMC-MQP-2019-20/RASPI4/loaderWorkSpace/install/loadernasa/lib/python3.6/site-packages/loadernasa-0.0.0-py3.6.egg-info' (and everything under it)
[4.344s] Copying /home/ubuntu/Documents/RMC-MQP-2019-20/RASPI4/loaderWorkSpace/build/loadernasa/loadernasa.egg-info to /home/ubuntu/Documents/RMC-MQP-2019-20/RASPI4/loaderWorkSpace/install/loadernasa/lib/python3.6/site-packages/loadernasa-0.0.0-py3.6.egg-info
[4.351s] running install_scripts
[4.457s] Installing client script to /home/ubuntu/Documents/RMC-MQP-2019-20/RASPI4/loaderWorkSpace/install/loadernasa/lib/loadernasa
[4.458s] Installing listener script to /home/ubuntu/Documents/RMC-MQP-2019-20/RASPI4/loaderWorkSpace/install/loadernasa/lib/loadernasa
[4.459s] Installing service script to /home/ubuntu/Documents/RMC-MQP-2019-20/RASPI4/loaderWorkSpace/install/loadernasa/lib/loadernasa
[4.460s] Installing talker script to /home/ubuntu/Documents/RMC-MQP-2019-20/RASPI4/loaderWorkSpace/install/loadernasa/lib/loadernasa
[4.464s] writing list of installed files to '/home/ubuntu/Documents/RMC-MQP-2019-20/RASPI4/loaderWorkSpace/build/loadernasa/install.log'
