[1.847s] running egg_info
[1.848s] writing /home/nasarmc/loaderWorkSpace/build/loadernasa/loadernasa.egg-info/PKG-INFO
[1.849s] writing dependency_links to /home/nasarmc/loaderWorkSpace/build/loadernasa/loadernasa.egg-info/dependency_links.txt
[1.849s] writing entry points to /home/nasarmc/loaderWorkSpace/build/loadernasa/loadernasa.egg-info/entry_points.txt
[1.850s] writing requirements to /home/nasarmc/loaderWorkSpace/build/loadernasa/loadernasa.egg-info/requires.txt
[1.850s] writing top-level names to /home/nasarmc/loaderWorkSpace/build/loadernasa/loadernasa.egg-info/top_level.txt
[1.898s] reading manifest file '/home/nasarmc/loaderWorkSpace/build/loadernasa/loadernasa.egg-info/SOURCES.txt'
[1.899s] writing manifest file '/home/nasarmc/loaderWorkSpace/build/loadernasa/loadernasa.egg-info/SOURCES.txt'
[1.900s] running build
[1.900s] running build_py
[1.901s] running install
[1.901s] running install_lib
[1.904s] running install_data
[1.904s] running install_egg_info
[1.907s] removing '/home/nasarmc/loaderWorkSpace/install/loadernasa/lib/python3.6/site-packages/loadernasa-0.0.0-py3.6.egg-info' (and everything under it)
[1.912s] Copying /home/nasarmc/loaderWorkSpace/build/loadernasa/loadernasa.egg-info to /home/nasarmc/loaderWorkSpace/install/loadernasa/lib/python3.6/site-packages/loadernasa-0.0.0-py3.6.egg-info
[1.921s] running install_scripts
[1.949s] Installing listener script to /home/nasarmc/loaderWorkSpace/install/loadernasa/lib/loadernasa
[1.950s] Installing talker script to /home/nasarmc/loaderWorkSpace/install/loadernasa/lib/loadernasa
[1.951s] writing list of installed files to '/home/nasarmc/loaderWorkSpace/build/loadernasa/install.log'
