[2.954s] Invoking command in '/home/ubuntu/Documents/RMC-MQP-2019-20/RASPI4/loaderWorkSpace/src/loadernasa': PYTHONPATH=/home/ubuntu/Documents/RMC-MQP-2019-20/RASPI4/loaderWorkSpace/install/loadernasa/lib/python3.6/site-packages:${PYTHONPATH} /usr/bin/python3 setup.py egg_info --egg-base /home/ubuntu/Documents/RMC-MQP-2019-20/RASPI4/loaderWorkSpace/build/loadernasa build --build-base /home/ubuntu/Documents/RMC-MQP-2019-20/RASPI4/loaderWorkSpace/build/loadernasa/build install --prefix /home/ubuntu/Documents/RMC-MQP-2019-20/RASPI4/loaderWorkSpace/install/loadernasa --record /home/ubuntu/Documents/RMC-MQP-2019-20/RASPI4/loaderWorkSpace/build/loadernasa/install.log --single-version-externally-managed
[4.174s] running egg_info
[4.182s] writing /home/ubuntu/Documents/RMC-MQP-2019-20/RASPI4/loaderWorkSpace/build/loadernasa/loadernasa.egg-info/PKG-INFO
[4.186s] writing dependency_links to /home/ubuntu/Documents/RMC-MQP-2019-20/RASPI4/loaderWorkSpace/build/loadernasa/loadernasa.egg-info/dependency_links.txt
[4.187s] writing entry points to /home/ubuntu/Documents/RMC-MQP-2019-20/RASPI4/loaderWorkSpace/build/loadernasa/loadernasa.egg-info/entry_points.txt
[4.188s] writing requirements to /home/ubuntu/Documents/RMC-MQP-2019-20/RASPI4/loaderWorkSpace/build/loadernasa/loadernasa.egg-info/requires.txt
[4.189s] writing top-level names to /home/ubuntu/Documents/RMC-MQP-2019-20/RASPI4/loaderWorkSpace/build/loadernasa/loadernasa.egg-info/top_level.txt
[4.404s] reading manifest file '/home/ubuntu/Documents/RMC-MQP-2019-20/RASPI4/loaderWorkSpace/build/loadernasa/loadernasa.egg-info/SOURCES.txt'
[4.413s] writing manifest file '/home/ubuntu/Documents/RMC-MQP-2019-20/RASPI4/loaderWorkSpace/build/loadernasa/loadernasa.egg-info/SOURCES.txt'
[4.414s] running build
[4.414s] running build_py
[4.418s] copying loadernasa/pi4ImuClient.py -> /home/ubuntu/Documents/RMC-MQP-2019-20/RASPI4/loaderWorkSpace/build/loadernasa/build/lib/loadernasa
[4.420s] copying loadernasa/odriveCmdClient.py -> /home/ubuntu/Documents/RMC-MQP-2019-20/RASPI4/loaderWorkSpace/build/loadernasa/build/lib/loadernasa
[4.421s] copying loadernasa/pi4HeroSub.py -> /home/ubuntu/Documents/RMC-MQP-2019-20/RASPI4/loaderWorkSpace/build/loadernasa/build/lib/loadernasa
[4.423s] copying loadernasa/pi4CameraClient.py -> /home/ubuntu/Documents/RMC-MQP-2019-20/RASPI4/loaderWorkSpace/build/loadernasa/build/lib/loadernasa
[4.424s] copying loadernasa/imuService.py -> /home/ubuntu/Documents/RMC-MQP-2019-20/RASPI4/loaderWorkSpace/build/loadernasa/build/lib/loadernasa
[4.426s] copying loadernasa/pi4OdriveSub.py -> /home/ubuntu/Documents/RMC-MQP-2019-20/RASPI4/loaderWorkSpace/build/loadernasa/build/lib/loadernasa
[4.427s] copying loadernasa/heroPi4Client.py -> /home/ubuntu/Documents/RMC-MQP-2019-20/RASPI4/loaderWorkSpace/build/loadernasa/build/lib/loadernasa
[4.429s] copying loadernasa/pi4HeroService.py -> /home/ubuntu/Documents/RMC-MQP-2019-20/RASPI4/loaderWorkSpace/build/loadernasa/build/lib/loadernasa
[4.430s] copying loadernasa/odriveEncoderPub.py -> /home/ubuntu/Documents/RMC-MQP-2019-20/RASPI4/loaderWorkSpace/build/loadernasa/build/lib/loadernasa
[4.432s] copying loadernasa/pi4OdriveCmdService.py -> /home/ubuntu/Documents/RMC-MQP-2019-20/RASPI4/loaderWorkSpace/build/loadernasa/build/lib/loadernasa
[4.433s] copying loadernasa/jetsonService.py -> /home/ubuntu/Documents/RMC-MQP-2019-20/RASPI4/loaderWorkSpace/build/loadernasa/build/lib/loadernasa
[4.435s] copying loadernasa/heroPi4Pub.py -> /home/ubuntu/Documents/RMC-MQP-2019-20/RASPI4/loaderWorkSpace/build/loadernasa/build/lib/loadernasa
[4.438s] running install
[4.440s] running install_lib
[4.446s] copying /home/ubuntu/Documents/RMC-MQP-2019-20/RASPI4/loaderWorkSpace/build/loadernasa/build/lib/loadernasa/pi4ImuClient.py -> /home/ubuntu/Documents/RMC-MQP-2019-20/RASPI4/loaderWorkSpace/install/loadernasa/lib/python3.6/site-packages/loadernasa
[4.447s] copying /home/ubuntu/Documents/RMC-MQP-2019-20/RASPI4/loaderWorkSpace/build/loadernasa/build/lib/loadernasa/odriveCmdClient.py -> /home/ubuntu/Documents/RMC-MQP-2019-20/RASPI4/loaderWorkSpace/install/loadernasa/lib/python3.6/site-packages/loadernasa
[4.448s] copying /home/ubuntu/Documents/RMC-MQP-2019-20/RASPI4/loaderWorkSpace/build/loadernasa/build/lib/loadernasa/pi4HeroSub.py -> /home/ubuntu/Documents/RMC-MQP-2019-20/RASPI4/loaderWorkSpace/install/loadernasa/lib/python3.6/site-packages/loadernasa
[4.449s] copying /home/ubuntu/Documents/RMC-MQP-2019-20/RASPI4/loaderWorkSpace/build/loadernasa/build/lib/loadernasa/pi4CameraClient.py -> /home/ubuntu/Documents/RMC-MQP-2019-20/RASPI4/loaderWorkSpace/install/loadernasa/lib/python3.6/site-packages/loadernasa
[4.450s] copying /home/ubuntu/Documents/RMC-MQP-2019-20/RASPI4/loaderWorkSpace/build/loadernasa/build/lib/loadernasa/imuService.py -> /home/ubuntu/Documents/RMC-MQP-2019-20/RASPI4/loaderWorkSpace/install/loadernasa/lib/python3.6/site-packages/loadernasa
[4.451s] copying /home/ubuntu/Documents/RMC-MQP-2019-20/RASPI4/loaderWorkSpace/build/loadernasa/build/lib/loadernasa/pi4OdriveSub.py -> /home/ubuntu/Documents/RMC-MQP-2019-20/RASPI4/loaderWorkSpace/install/loadernasa/lib/python3.6/site-packages/loadernasa
[4.452s] copying /home/ubuntu/Documents/RMC-MQP-2019-20/RASPI4/loaderWorkSpace/build/loadernasa/build/lib/loadernasa/heroPi4Client.py -> /home/ubuntu/Documents/RMC-MQP-2019-20/RASPI4/loaderWorkSpace/install/loadernasa/lib/python3.6/site-packages/loadernasa
[4.453s] copying /home/ubuntu/Documents/RMC-MQP-2019-20/RASPI4/loaderWorkSpace/build/loadernasa/build/lib/loadernasa/pi4HeroService.py -> /home/ubuntu/Documents/RMC-MQP-2019-20/RASPI4/loaderWorkSpace/install/loadernasa/lib/python3.6/site-packages/loadernasa
[4.454s] copying /home/ubuntu/Documents/RMC-MQP-2019-20/RASPI4/loaderWorkSpace/build/loadernasa/build/lib/loadernasa/odriveEncoderPub.py -> /home/ubuntu/Documents/RMC-MQP-2019-20/RASPI4/loaderWorkSpace/install/loadernasa/lib/python3.6/site-packages/loadernasa
[4.455s] copying /home/ubuntu/Documents/RMC-MQP-2019-20/RASPI4/loaderWorkSpace/build/loadernasa/build/lib/loadernasa/pi4OdriveCmdService.py -> /home/ubuntu/Documents/RMC-MQP-2019-20/RASPI4/loaderWorkSpace/install/loadernasa/lib/python3.6/site-packages/loadernasa
[4.455s] copying /home/ubuntu/Documents/RMC-MQP-2019-20/RASPI4/loaderWorkSpace/build/loadernasa/build/lib/loadernasa/jetsonService.py -> /home/ubuntu/Documents/RMC-MQP-2019-20/RASPI4/loaderWorkSpace/install/loadernasa/lib/python3.6/site-packages/loadernasa
[4.456s] copying /home/ubuntu/Documents/RMC-MQP-2019-20/RASPI4/loaderWorkSpace/build/loadernasa/build/lib/loadernasa/heroPi4Pub.py -> /home/ubuntu/Documents/RMC-MQP-2019-20/RASPI4/loaderWorkSpace/install/loadernasa/lib/python3.6/site-packages/loadernasa
[4.461s] byte-compiling /home/ubuntu/Documents/RMC-MQP-2019-20/RASPI4/loaderWorkSpace/install/loadernasa/lib/python3.6/site-packages/loadernasa/pi4ImuClient.py to pi4ImuClient.cpython-36.pyc
[4.463s] byte-compiling /home/ubuntu/Documents/RMC-MQP-2019-20/RASPI4/loaderWorkSpace/install/loadernasa/lib/python3.6/site-packages/loadernasa/odriveCmdClient.py to odriveCmdClient.cpython-36.pyc
[4.466s] byte-compiling /home/ubuntu/Documents/RMC-MQP-2019-20/RASPI4/loaderWorkSpace/install/loadernasa/lib/python3.6/site-packages/loadernasa/pi4HeroSub.py to pi4HeroSub.cpython-36.pyc
[4.467s] byte-compiling /home/ubuntu/Documents/RMC-MQP-2019-20/RASPI4/loaderWorkSpace/install/loadernasa/lib/python3.6/site-packages/loadernasa/pi4CameraClient.py to pi4CameraClient.cpython-36.pyc
[4.470s] byte-compiling /home/ubuntu/Documents/RMC-MQP-2019-20/RASPI4/loaderWorkSpace/install/loadernasa/lib/python3.6/site-packages/loadernasa/imuService.py to imuService.cpython-36.pyc
[4.471s] byte-compiling /home/ubuntu/Documents/RMC-MQP-2019-20/RASPI4/loaderWorkSpace/install/loadernasa/lib/python3.6/site-packages/loadernasa/pi4OdriveSub.py to pi4OdriveSub.cpython-36.pyc
[4.477s] byte-compiling /home/ubuntu/Documents/RMC-MQP-2019-20/RASPI4/loaderWorkSpace/install/loadernasa/lib/python3.6/site-packages/loadernasa/heroPi4Client.py to heroPi4Client.cpython-36.pyc
[4.483s] byte-compiling /home/ubuntu/Documents/RMC-MQP-2019-20/RASPI4/loaderWorkSpace/install/loadernasa/lib/python3.6/site-packages/loadernasa/pi4HeroService.py to pi4HeroService.cpython-36.pyc
[4.485s] byte-compiling /home/ubuntu/Documents/RMC-MQP-2019-20/RASPI4/loaderWorkSpace/install/loadernasa/lib/python3.6/site-packages/loadernasa/odriveEncoderPub.py to odriveEncoderPub.cpython-36.pyc
[4.487s] byte-compiling /home/ubuntu/Documents/RMC-MQP-2019-20/RASPI4/loaderWorkSpace/install/loadernasa/lib/python3.6/site-packages/loadernasa/pi4OdriveCmdService.py to pi4OdriveCmdService.cpython-36.pyc
[4.489s] byte-compiling /home/ubuntu/Documents/RMC-MQP-2019-20/RASPI4/loaderWorkSpace/install/loadernasa/lib/python3.6/site-packages/loadernasa/jetsonService.py to jetsonService.cpython-36.pyc
[4.491s] byte-compiling /home/ubuntu/Documents/RMC-MQP-2019-20/RASPI4/loaderWorkSpace/install/loadernasa/lib/python3.6/site-packages/loadernasa/heroPi4Pub.py to heroPi4Pub.cpython-36.pyc
[4.492s] running install_data
[4.499s] copying package.xml -> /home/ubuntu/Documents/RMC-MQP-2019-20/RASPI4/loaderWorkSpace/install/loadernasa/share/loadernasa
[4.500s] running install_egg_info
[4.511s] removing '/home/ubuntu/Documents/RMC-MQP-2019-20/RASPI4/loaderWorkSpace/install/loadernasa/lib/python3.6/site-packages/loadernasa-0.0.0-py3.6.egg-info' (and everything under it)
[4.513s] Copying /home/ubuntu/Documents/RMC-MQP-2019-20/RASPI4/loaderWorkSpace/build/loadernasa/loadernasa.egg-info to /home/ubuntu/Documents/RMC-MQP-2019-20/RASPI4/loaderWorkSpace/install/loadernasa/lib/python3.6/site-packages/loadernasa-0.0.0-py3.6.egg-info
[4.522s] running install_scripts
[4.626s] Installing client script to /home/ubuntu/Documents/RMC-MQP-2019-20/RASPI4/loaderWorkSpace/install/loadernasa/lib/loadernasa
[4.634s] Installing listener script to /home/ubuntu/Documents/RMC-MQP-2019-20/RASPI4/loaderWorkSpace/install/loadernasa/lib/loadernasa
[4.635s] Installing service script to /home/ubuntu/Documents/RMC-MQP-2019-20/RASPI4/loaderWorkSpace/install/loadernasa/lib/loadernasa
[4.636s] Installing talker script to /home/ubuntu/Documents/RMC-MQP-2019-20/RASPI4/loaderWorkSpace/install/loadernasa/lib/loadernasa
[4.641s] writing list of installed files to '/home/ubuntu/Documents/RMC-MQP-2019-20/RASPI4/loaderWorkSpace/build/loadernasa/install.log'
[4.750s] Invoked command in '/home/ubuntu/Documents/RMC-MQP-2019-20/RASPI4/loaderWorkSpace/src/loadernasa' returned '0': PYTHONPATH=/home/ubuntu/Documents/RMC-MQP-2019-20/RASPI4/loaderWorkSpace/install/loadernasa/lib/python3.6/site-packages:${PYTHONPATH} /usr/bin/python3 setup.py egg_info --egg-base /home/ubuntu/Documents/RMC-MQP-2019-20/RASPI4/loaderWorkSpace/build/loadernasa build --build-base /home/ubuntu/Documents/RMC-MQP-2019-20/RASPI4/loaderWorkSpace/build/loadernasa/build install --prefix /home/ubuntu/Documents/RMC-MQP-2019-20/RASPI4/loaderWorkSpace/install/loadernasa --record /home/ubuntu/Documents/RMC-MQP-2019-20/RASPI4/loaderWorkSpace/build/loadernasa/install.log --single-version-externally-managed
