[1.850s] running egg_info
[1.850s] writing /home/nasarmc/loaderWorkSpace/build/loadernasa/loadernasa.egg-info/PKG-INFO
[1.851s] writing dependency_links to /home/nasarmc/loaderWorkSpace/build/loadernasa/loadernasa.egg-info/dependency_links.txt
[1.852s] writing entry points to /home/nasarmc/loaderWorkSpace/build/loadernasa/loadernasa.egg-info/entry_points.txt
[1.852s] writing requirements to /home/nasarmc/loaderWorkSpace/build/loadernasa/loadernasa.egg-info/requires.txt
[1.853s] writing top-level names to /home/nasarmc/loaderWorkSpace/build/loadernasa/loadernasa.egg-info/top_level.txt
[1.899s] reading manifest file '/home/nasarmc/loaderWorkSpace/build/loadernasa/loadernasa.egg-info/SOURCES.txt'
[1.901s] writing manifest file '/home/nasarmc/loaderWorkSpace/build/loadernasa/loadernasa.egg-info/SOURCES.txt'
[1.902s] running build
[1.902s] running build_py
[1.902s] running install
[1.903s] running install_lib
[1.905s] running install_data
[1.905s] copying package.xml -> /home/nasarmc/loaderWorkSpace/install/loadernasa/share/loadernasa
[1.907s] running install_egg_info
[1.910s] removing '/home/nasarmc/loaderWorkSpace/install/loadernasa/lib/python3.6/site-packages/loadernasa-0.0.0-py3.6.egg-info' (and everything under it)
[1.915s] Copying /home/nasarmc/loaderWorkSpace/build/loadernasa/loadernasa.egg-info to /home/nasarmc/loaderWorkSpace/install/loadernasa/lib/python3.6/site-packages/loadernasa-0.0.0-py3.6.egg-info
[1.924s] running install_scripts
[1.948s] Installing listener script to /home/nasarmc/loaderWorkSpace/install/loadernasa/lib/loadernasa
[1.948s] Installing talker script to /home/nasarmc/loaderWorkSpace/install/loadernasa/lib/loadernasa
[1.949s] writing list of installed files to '/home/nasarmc/loaderWorkSpace/build/loadernasa/install.log'
