[0.722s] DEBUG:colcon:Command line arguments: ['/usr/bin/colcon', 'build']
[0.723s] DEBUG:colcon:Parsed command line arguments: Namespace(ament_cmake_args=None, base_paths=['.'], build_base='build', catkin_cmake_args=None, catkin_skip_building_tests=False, cmake_args=None, cmake_clean_cache=False, cmake_clean_first=False, cmake_force_configure=False, cmake_target=None, cmake_target_skip_unavailable=False, continue_on_error=False, event_handlers=None, executor='parallel', ignore_user_meta=False, install_base='install', log_base=None, log_level=None, main=<bound method BuildVerb.main of <colcon_core.verb.build.BuildVerb object at 0xffffa9892f28>>, merge_install=False, metas=['./colcon.meta'], packages_above=None, packages_above_depth=None, packages_end=None, packages_ignore=None, packages_ignore_regex=None, packages_select=None, packages_select_build_failed=False, packages_select_by_dep=None, packages_select_regex=None, packages_select_test_failures=False, packages_skip=None, packages_skip_build_finished=False, packages_skip_by_dep=None, packages_skip_regex=None, packages_skip_test_passed=False, packages_skip_up_to=None, packages_start=None, packages_up_to=None, parallel_workers=4, paths=None, symlink_install=False, test_result_base=None, verb_extension=<colcon_core.verb.build.BuildVerb object at 0xffffa9892f28>, verb_name='build', verb_parser=<colcon_defaults.argument_parser.defaults.DefaultArgumentsDecorator object at 0xffffa981e2b0>)
[0.903s] Level 1:colcon.colcon_core.package_discovery:discover_packages(colcon_meta) check parameters
[0.904s] Level 1:colcon.colcon_core.package_discovery:discover_packages(recursive) check parameters
[0.904s] Level 1:colcon.colcon_core.package_discovery:discover_packages(ignore) check parameters
[0.904s] Level 1:colcon.colcon_core.package_discovery:discover_packages(path) check parameters
[0.905s] Level 1:colcon.colcon_core.package_discovery:discover_packages(colcon_meta) discover
[0.906s] Level 1:colcon.colcon_core.package_discovery:discover_packages(recursive) discover
[0.906s] INFO:colcon.colcon_core.package_discovery:Crawling recursively for packages in '/home/ubuntu/Documents/RMC-MQP-2019-20/RASPI4/loaderWorkSpace'
[0.907s] Level 1:colcon.colcon_core.package_identification:_identify(.) by extensions ['ignore', 'ignore_ament_install']
[0.907s] Level 1:colcon.colcon_core.package_identification:_identify(.) by extension 'ignore'
[0.907s] Level 1:colcon.colcon_core.package_identification:_identify(.) by extension 'ignore_ament_install'
[0.908s] Level 1:colcon.colcon_core.package_identification:_identify(.) by extensions ['colcon_pkg']
[0.908s] Level 1:colcon.colcon_core.package_identification:_identify(.) by extension 'colcon_pkg'
[0.908s] Level 1:colcon.colcon_core.package_identification:_identify(.) by extensions ['colcon_meta']
[0.908s] Level 1:colcon.colcon_core.package_identification:_identify(.) by extension 'colcon_meta'
[0.909s] Level 1:colcon.colcon_core.package_identification:_identify(.) by extensions ['ros']
[0.909s] Level 1:colcon.colcon_core.package_identification:_identify(.) by extension 'ros'
[0.964s] Level 1:colcon.colcon_core.package_identification:_identify(.) by extensions ['cmake', 'python']
[0.964s] Level 1:colcon.colcon_core.package_identification:_identify(.) by extension 'cmake'
[0.965s] Level 1:colcon.colcon_core.package_identification:_identify(.) by extension 'python'
[0.965s] Level 1:colcon.colcon_core.package_identification:_identify(.) by extensions ['python_setup_py']
[0.965s] Level 1:colcon.colcon_core.package_identification:_identify(.) by extension 'python_setup_py'
[0.966s] Level 1:colcon.colcon_core.package_identification:_identify(build) by extensions ['ignore', 'ignore_ament_install']
[0.966s] Level 1:colcon.colcon_core.package_identification:_identify(build) by extension 'ignore'
[0.967s] Level 1:colcon.colcon_core.package_identification:_identify(build) ignored
[0.968s] Level 1:colcon.colcon_core.package_identification:_identify(install) by extensions ['ignore', 'ignore_ament_install']
[0.969s] Level 1:colcon.colcon_core.package_identification:_identify(install) by extension 'ignore'
[0.969s] Level 1:colcon.colcon_core.package_identification:_identify(install) ignored
[0.970s] Level 1:colcon.colcon_core.package_identification:_identify(log) by extensions ['ignore', 'ignore_ament_install']
[0.970s] Level 1:colcon.colcon_core.package_identification:_identify(log) by extension 'ignore'
[0.971s] Level 1:colcon.colcon_core.package_identification:_identify(log) ignored
[0.971s] Level 1:colcon.colcon_core.package_identification:_identify(src) by extensions ['ignore', 'ignore_ament_install']
[0.972s] Level 1:colcon.colcon_core.package_identification:_identify(src) by extension 'ignore'
[0.972s] Level 1:colcon.colcon_core.package_identification:_identify(src) by extension 'ignore_ament_install'
[0.972s] Level 1:colcon.colcon_core.package_identification:_identify(src) by extensions ['colcon_pkg']
[0.972s] Level 1:colcon.colcon_core.package_identification:_identify(src) by extension 'colcon_pkg'
[0.973s] Level 1:colcon.colcon_core.package_identification:_identify(src) by extensions ['colcon_meta']
[0.973s] Level 1:colcon.colcon_core.package_identification:_identify(src) by extension 'colcon_meta'
[0.973s] Level 1:colcon.colcon_core.package_identification:_identify(src) by extensions ['ros']
[0.973s] Level 1:colcon.colcon_core.package_identification:_identify(src) by extension 'ros'
[0.974s] Level 1:colcon.colcon_core.package_identification:_identify(src) by extensions ['cmake', 'python']
[0.974s] Level 1:colcon.colcon_core.package_identification:_identify(src) by extension 'cmake'
[0.974s] Level 1:colcon.colcon_core.package_identification:_identify(src) by extension 'python'
[0.974s] Level 1:colcon.colcon_core.package_identification:_identify(src) by extensions ['python_setup_py']
[0.975s] Level 1:colcon.colcon_core.package_identification:_identify(src) by extension 'python_setup_py'
[0.975s] Level 1:colcon.colcon_core.package_identification:_identify(src/loadernasa) by extensions ['ignore', 'ignore_ament_install']
[0.976s] Level 1:colcon.colcon_core.package_identification:_identify(src/loadernasa) by extension 'ignore'
[0.976s] Level 1:colcon.colcon_core.package_identification:_identify(src/loadernasa) by extension 'ignore_ament_install'
[0.976s] Level 1:colcon.colcon_core.package_identification:_identify(src/loadernasa) by extensions ['colcon_pkg']
[0.977s] Level 1:colcon.colcon_core.package_identification:_identify(src/loadernasa) by extension 'colcon_pkg'
[0.977s] Level 1:colcon.colcon_core.package_identification:_identify(src/loadernasa) by extensions ['colcon_meta']
[0.977s] Level 1:colcon.colcon_core.package_identification:_identify(src/loadernasa) by extension 'colcon_meta'
[0.977s] Level 1:colcon.colcon_core.package_identification:_identify(src/loadernasa) by extensions ['ros']
[0.978s] Level 1:colcon.colcon_core.package_identification:_identify(src/loadernasa) by extension 'ros'
[0.989s] DEBUG:colcon.colcon_core.package_identification:Package 'src/loadernasa' with type 'ros.ament_python' and name 'loadernasa'
[0.990s] Level 1:colcon.colcon_core.package_identification:_identify(src/ros2-simple-action) by extensions ['ignore', 'ignore_ament_install']
[0.991s] Level 1:colcon.colcon_core.package_identification:_identify(src/ros2-simple-action) by extension 'ignore'
[0.991s] Level 1:colcon.colcon_core.package_identification:_identify(src/ros2-simple-action) by extension 'ignore_ament_install'
[0.992s] Level 1:colcon.colcon_core.package_identification:_identify(src/ros2-simple-action) by extensions ['colcon_pkg']
[0.992s] Level 1:colcon.colcon_core.package_identification:_identify(src/ros2-simple-action) by extension 'colcon_pkg'
[0.992s] Level 1:colcon.colcon_core.package_identification:_identify(src/ros2-simple-action) by extensions ['colcon_meta']
[0.993s] Level 1:colcon.colcon_core.package_identification:_identify(src/ros2-simple-action) by extension 'colcon_meta'
[0.993s] Level 1:colcon.colcon_core.package_identification:_identify(src/ros2-simple-action) by extensions ['ros']
[0.993s] Level 1:colcon.colcon_core.package_identification:_identify(src/ros2-simple-action) by extension 'ros'
[0.996s] DEBUG:colcon.colcon_core.package_identification:Package 'src/ros2-simple-action' with type 'ros.ament_cmake' and name 'action_tutorials'
[0.997s] Level 1:colcon.colcon_core.package_discovery:discover_packages(recursive) using defaults
[0.998s] Level 1:colcon.colcon_core.package_discovery:discover_packages(ignore) discover
[0.998s] Level 1:colcon.colcon_core.package_discovery:discover_packages(ignore) using defaults
[0.998s] Level 1:colcon.colcon_core.package_discovery:discover_packages(path) discover
[0.998s] Level 1:colcon.colcon_core.package_discovery:discover_packages(path) using defaults
[1.025s] Level 5:colcon.colcon_core.verb:set package 'action_tutorials' build argument 'cmake_args' from command line to 'None'
[1.025s] Level 5:colcon.colcon_core.verb:set package 'action_tutorials' build argument 'cmake_target' from command line to 'None'
[1.025s] Level 5:colcon.colcon_core.verb:set package 'action_tutorials' build argument 'cmake_target_skip_unavailable' from command line to 'False'
[1.025s] Level 5:colcon.colcon_core.verb:set package 'action_tutorials' build argument 'cmake_clean_cache' from command line to 'False'
[1.026s] Level 5:colcon.colcon_core.verb:set package 'action_tutorials' build argument 'cmake_clean_first' from command line to 'False'
[1.026s] Level 5:colcon.colcon_core.verb:set package 'action_tutorials' build argument 'cmake_force_configure' from command line to 'False'
[1.026s] Level 5:colcon.colcon_core.verb:set package 'action_tutorials' build argument 'ament_cmake_args' from command line to 'None'
[1.026s] Level 5:colcon.colcon_core.verb:set package 'action_tutorials' build argument 'catkin_cmake_args' from command line to 'None'
[1.026s] Level 5:colcon.colcon_core.verb:set package 'action_tutorials' build argument 'catkin_skip_building_tests' from command line to 'False'
[1.026s] DEBUG:colcon.colcon_core.verb:Building package 'action_tutorials' with the following arguments: {'ament_cmake_args': None, 'build_base': '/home/ubuntu/Documents/RMC-MQP-2019-20/RASPI4/loaderWorkSpace/build/action_tutorials', 'catkin_cmake_args': None, 'catkin_skip_building_tests': False, 'cmake_args': None, 'cmake_clean_cache': False, 'cmake_clean_first': False, 'cmake_force_configure': False, 'cmake_target': None, 'cmake_target_skip_unavailable': False, 'install_base': '/home/ubuntu/Documents/RMC-MQP-2019-20/RASPI4/loaderWorkSpace/install/action_tutorials', 'merge_install': False, 'path': '/home/ubuntu/Documents/RMC-MQP-2019-20/RASPI4/loaderWorkSpace/src/ros2-simple-action', 'symlink_install': False, 'test_result_base': None}
[1.040s] Level 5:colcon.colcon_core.verb:set package 'loadernasa' build argument 'cmake_args' from command line to 'None'
[1.040s] Level 5:colcon.colcon_core.verb:set package 'loadernasa' build argument 'cmake_target' from command line to 'None'
[1.040s] Level 5:colcon.colcon_core.verb:set package 'loadernasa' build argument 'cmake_target_skip_unavailable' from command line to 'False'
[1.040s] Level 5:colcon.colcon_core.verb:set package 'loadernasa' build argument 'cmake_clean_cache' from command line to 'False'
[1.040s] Level 5:colcon.colcon_core.verb:set package 'loadernasa' build argument 'cmake_clean_first' from command line to 'False'
[1.041s] Level 5:colcon.colcon_core.verb:set package 'loadernasa' build argument 'cmake_force_configure' from command line to 'False'
[1.041s] Level 5:colcon.colcon_core.verb:set package 'loadernasa' build argument 'ament_cmake_args' from command line to 'None'
[1.041s] Level 5:colcon.colcon_core.verb:set package 'loadernasa' build argument 'catkin_cmake_args' from command line to 'None'
[1.041s] Level 5:colcon.colcon_core.verb:set package 'loadernasa' build argument 'catkin_skip_building_tests' from command line to 'False'
[1.041s] DEBUG:colcon.colcon_core.verb:Building package 'loadernasa' with the following arguments: {'ament_cmake_args': None, 'build_base': '/home/ubuntu/Documents/RMC-MQP-2019-20/RASPI4/loaderWorkSpace/build/loadernasa', 'catkin_cmake_args': None, 'catkin_skip_building_tests': False, 'cmake_args': None, 'cmake_clean_cache': False, 'cmake_clean_first': False, 'cmake_force_configure': False, 'cmake_target': None, 'cmake_target_skip_unavailable': False, 'install_base': '/home/ubuntu/Documents/RMC-MQP-2019-20/RASPI4/loaderWorkSpace/install/loadernasa', 'merge_install': False, 'path': '/home/ubuntu/Documents/RMC-MQP-2019-20/RASPI4/loaderWorkSpace/src/loadernasa', 'symlink_install': False, 'test_result_base': None}
[1.043s] INFO:colcon.colcon_core.executor:Executing jobs using 'parallel' executor
[1.051s] DEBUG:colcon.colcon_parallel_executor.executor.parallel:run_until_complete
[1.052s] INFO:colcon.colcon_ros.task.ament_cmake.build:Building ROS package in '/home/ubuntu/Documents/RMC-MQP-2019-20/RASPI4/loaderWorkSpace/src/ros2-simple-action' with build type 'ament_cmake'
[1.070s] INFO:colcon.colcon_core.plugin_system:Skipping extension 'colcon_core.shell.bat': Not used on non-Windows systems
[1.071s] INFO:colcon.colcon_cmake.task.cmake.build:Building CMake package in '/home/ubuntu/Documents/RMC-MQP-2019-20/RASPI4/loaderWorkSpace/src/ros2-simple-action'
[1.074s] INFO:colcon.colcon_core.shell:Skip shell extension 'powershell' for command environment: Not usable outside of PowerShell
[1.074s] DEBUG:colcon.colcon_core.shell:Skip shell extension 'dsv' for command environment
[1.094s] DEBUG:colcon.colcon_core.shell:Ignoring prefix path '/opt/ros/dashing'
[1.108s] INFO:colcon.colcon_ros.task.ament_python.build:Building ROS package in '/home/ubuntu/Documents/RMC-MQP-2019-20/RASPI4/loaderWorkSpace/src/loadernasa' with build type 'ament_python'
[1.110s] Level 1:colcon.colcon_core.shell:create_environment_hook('loadernasa', 'ament_prefix_path')
[1.125s] INFO:colcon.colcon_core.shell:Creating environment hook '/home/ubuntu/Documents/RMC-MQP-2019-20/RASPI4/loaderWorkSpace/install/loadernasa/share/loadernasa/hook/ament_prefix_path.ps1'
[1.130s] INFO:colcon.colcon_core.shell:Creating environment descriptor '/home/ubuntu/Documents/RMC-MQP-2019-20/RASPI4/loaderWorkSpace/install/loadernasa/share/loadernasa/hook/ament_prefix_path.dsv'
[1.133s] INFO:colcon.colcon_core.shell:Creating environment hook '/home/ubuntu/Documents/RMC-MQP-2019-20/RASPI4/loaderWorkSpace/install/loadernasa/share/loadernasa/hook/ament_prefix_path.sh'
[1.140s] INFO:colcon.colcon_core.shell:Skip shell extension 'powershell' for command environment: Not usable outside of PowerShell
[1.140s] DEBUG:colcon.colcon_core.shell:Skip shell extension 'dsv' for command environment
[1.160s] DEBUG:colcon.colcon_core.shell:Ignoring prefix path '/opt/ros/dashing'
[1.202s] DEBUG:colcon.colcon_core.event_handler.log_command:Invoking command in '/home/ubuntu/Documents/RMC-MQP-2019-20/RASPI4/loaderWorkSpace/build/action_tutorials': CMAKE_PREFIX_PATH=/home/ubuntu/Documents/RMC-MQP-2019-20/RASPI4/loaderWorkSpace/install/loadernasa:/opt/ros/dashing /usr/bin/cmake /home/ubuntu/Documents/RMC-MQP-2019-20/RASPI4/loaderWorkSpace/src/ros2-simple-action -DCMAKE_INSTALL_PREFIX=/home/ubuntu/Documents/RMC-MQP-2019-20/RASPI4/loaderWorkSpace/install/action_tutorials
[2.718s] INFO:colcon.colcon_core.task.python.build:Building Python package in '/home/ubuntu/Documents/RMC-MQP-2019-20/RASPI4/loaderWorkSpace/src/loadernasa'
[2.730s] INFO:colcon.colcon_core.shell:Skip shell extension 'powershell' for command environment: Not usable outside of PowerShell
[2.731s] DEBUG:colcon.colcon_core.shell:Skip shell extension 'dsv' for command environment
[2.740s] DEBUG:colcon.colcon_core.shell:Ignoring prefix path '/opt/ros/dashing'
[4.428s] DEBUG:colcon.colcon_core.event_handler.log_command:Invoking command in '/home/ubuntu/Documents/RMC-MQP-2019-20/RASPI4/loaderWorkSpace/src/loadernasa': PYTHONPATH=/home/ubuntu/Documents/RMC-MQP-2019-20/RASPI4/loaderWorkSpace/install/loadernasa/lib/python3.6/site-packages:${PYTHONPATH} /usr/bin/python3 setup.py egg_info --egg-base /home/ubuntu/Documents/RMC-MQP-2019-20/RASPI4/loaderWorkSpace/build/loadernasa build --build-base /home/ubuntu/Documents/RMC-MQP-2019-20/RASPI4/loaderWorkSpace/build/loadernasa/build install --prefix /home/ubuntu/Documents/RMC-MQP-2019-20/RASPI4/loaderWorkSpace/install/loadernasa --record /home/ubuntu/Documents/RMC-MQP-2019-20/RASPI4/loaderWorkSpace/build/loadernasa/install.log --single-version-externally-managed
[6.288s] DEBUG:colcon.colcon_core.event_handler.log_command:Invoked command in '/home/ubuntu/Documents/RMC-MQP-2019-20/RASPI4/loaderWorkSpace/src/loadernasa' returned '0': PYTHONPATH=/home/ubuntu/Documents/RMC-MQP-2019-20/RASPI4/loaderWorkSpace/install/loadernasa/lib/python3.6/site-packages:${PYTHONPATH} /usr/bin/python3 setup.py egg_info --egg-base /home/ubuntu/Documents/RMC-MQP-2019-20/RASPI4/loaderWorkSpace/build/loadernasa build --build-base /home/ubuntu/Documents/RMC-MQP-2019-20/RASPI4/loaderWorkSpace/build/loadernasa/build install --prefix /home/ubuntu/Documents/RMC-MQP-2019-20/RASPI4/loaderWorkSpace/install/loadernasa --record /home/ubuntu/Documents/RMC-MQP-2019-20/RASPI4/loaderWorkSpace/build/loadernasa/install.log --single-version-externally-managed
[6.305s] Level 1:colcon.colcon_core.environment:checking '/home/ubuntu/Documents/RMC-MQP-2019-20/RASPI4/loaderWorkSpace/install/loadernasa' for CMake module files
[6.309s] Level 1:colcon.colcon_core.environment:checking '/home/ubuntu/Documents/RMC-MQP-2019-20/RASPI4/loaderWorkSpace/install/loadernasa' for CMake config files
[6.316s] Level 1:colcon.colcon_core.environment:checking '/home/ubuntu/Documents/RMC-MQP-2019-20/RASPI4/loaderWorkSpace/install/loadernasa/lib'
[6.317s] Level 1:colcon.colcon_core.environment:checking '/home/ubuntu/Documents/RMC-MQP-2019-20/RASPI4/loaderWorkSpace/install/loadernasa/bin'
[6.318s] Level 1:colcon.colcon_core.environment:checking '/home/ubuntu/Documents/RMC-MQP-2019-20/RASPI4/loaderWorkSpace/install/loadernasa/lib/pkgconfig/loadernasa.pc'
[6.318s] Level 1:colcon.colcon_core.environment:checking '/home/ubuntu/Documents/RMC-MQP-2019-20/RASPI4/loaderWorkSpace/install/loadernasa/lib/python3.6/site-packages'
[6.318s] Level 1:colcon.colcon_core.shell:create_environment_hook('loadernasa', 'pythonpath')
[6.322s] INFO:colcon.colcon_core.shell:Creating environment hook '/home/ubuntu/Documents/RMC-MQP-2019-20/RASPI4/loaderWorkSpace/install/loadernasa/share/loadernasa/hook/pythonpath.ps1'
[6.326s] INFO:colcon.colcon_core.shell:Creating environment descriptor '/home/ubuntu/Documents/RMC-MQP-2019-20/RASPI4/loaderWorkSpace/install/loadernasa/share/loadernasa/hook/pythonpath.dsv'
[6.329s] INFO:colcon.colcon_core.shell:Creating environment hook '/home/ubuntu/Documents/RMC-MQP-2019-20/RASPI4/loaderWorkSpace/install/loadernasa/share/loadernasa/hook/pythonpath.sh'
[6.332s] Level 1:colcon.colcon_core.environment:create_environment_scripts_only(loadernasa)
[6.339s] INFO:colcon.colcon_core.shell:Creating package script '/home/ubuntu/Documents/RMC-MQP-2019-20/RASPI4/loaderWorkSpace/install/loadernasa/share/loadernasa/package.ps1'
[6.352s] INFO:colcon.colcon_core.shell:Creating package descriptor '/home/ubuntu/Documents/RMC-MQP-2019-20/RASPI4/loaderWorkSpace/install/loadernasa/share/loadernasa/package.dsv'
[6.355s] INFO:colcon.colcon_core.shell:Creating package script '/home/ubuntu/Documents/RMC-MQP-2019-20/RASPI4/loaderWorkSpace/install/loadernasa/share/loadernasa/package.sh'
[6.361s] INFO:colcon.colcon_core.shell:Creating package script '/home/ubuntu/Documents/RMC-MQP-2019-20/RASPI4/loaderWorkSpace/install/loadernasa/share/loadernasa/package.bash'
[6.366s] INFO:colcon.colcon_core.shell:Creating package script '/home/ubuntu/Documents/RMC-MQP-2019-20/RASPI4/loaderWorkSpace/install/loadernasa/share/loadernasa/package.zsh'
[6.371s] Level 1:colcon.colcon_core.environment:create_file_with_runtime_dependencies(/home/ubuntu/Documents/RMC-MQP-2019-20/RASPI4/loaderWorkSpace/install/loadernasa/share/colcon-core/packages/loadernasa)
[14.807s] DEBUG:colcon.colcon_core.event_handler.log_command:Invoked command in '/home/ubuntu/Documents/RMC-MQP-2019-20/RASPI4/loaderWorkSpace/build/action_tutorials' returned '0': CMAKE_PREFIX_PATH=/home/ubuntu/Documents/RMC-MQP-2019-20/RASPI4/loaderWorkSpace/install/loadernasa:/opt/ros/dashing /usr/bin/cmake /home/ubuntu/Documents/RMC-MQP-2019-20/RASPI4/loaderWorkSpace/src/ros2-simple-action -DCMAKE_INSTALL_PREFIX=/home/ubuntu/Documents/RMC-MQP-2019-20/RASPI4/loaderWorkSpace/install/action_tutorials
[14.820s] DEBUG:colcon.colcon_core.event_handler.log_command:Invoking command in '/home/ubuntu/Documents/RMC-MQP-2019-20/RASPI4/loaderWorkSpace/build/action_tutorials': CMAKE_PREFIX_PATH=/home/ubuntu/Documents/RMC-MQP-2019-20/RASPI4/loaderWorkSpace/install/loadernasa:/opt/ros/dashing /usr/bin/cmake --build /home/ubuntu/Documents/RMC-MQP-2019-20/RASPI4/loaderWorkSpace/build/action_tutorials -- -j4 -l4
[40.246s] DEBUG:colcon.colcon_core.event_handler.log_command:Invoked command in '/home/ubuntu/Documents/RMC-MQP-2019-20/RASPI4/loaderWorkSpace/build/action_tutorials' returned '0': CMAKE_PREFIX_PATH=/home/ubuntu/Documents/RMC-MQP-2019-20/RASPI4/loaderWorkSpace/install/loadernasa:/opt/ros/dashing /usr/bin/cmake --build /home/ubuntu/Documents/RMC-MQP-2019-20/RASPI4/loaderWorkSpace/build/action_tutorials -- -j4 -l4
[40.631s] DEBUG:colcon.colcon_core.event_handler.log_command:Invoking command in '/home/ubuntu/Documents/RMC-MQP-2019-20/RASPI4/loaderWorkSpace/build/action_tutorials': CMAKE_PREFIX_PATH=/home/ubuntu/Documents/RMC-MQP-2019-20/RASPI4/loaderWorkSpace/install/loadernasa:/opt/ros/dashing /usr/bin/cmake --build /home/ubuntu/Documents/RMC-MQP-2019-20/RASPI4/loaderWorkSpace/build/action_tutorials --target install -- -j4 -l4
[42.308s] Level 1:colcon.colcon_core.environment:create_environment_scripts_only(action_tutorials)
[42.313s] Level 1:colcon.colcon_core.environment:checking '/home/ubuntu/Documents/RMC-MQP-2019-20/RASPI4/loaderWorkSpace/install/action_tutorials' for CMake module files
[42.316s] DEBUG:colcon.colcon_core.event_handler.log_command:Invoked command in '/home/ubuntu/Documents/RMC-MQP-2019-20/RASPI4/loaderWorkSpace/build/action_tutorials' returned '0': CMAKE_PREFIX_PATH=/home/ubuntu/Documents/RMC-MQP-2019-20/RASPI4/loaderWorkSpace/install/loadernasa:/opt/ros/dashing /usr/bin/cmake --build /home/ubuntu/Documents/RMC-MQP-2019-20/RASPI4/loaderWorkSpace/build/action_tutorials --target install -- -j4 -l4
[42.318s] Level 1:colcon.colcon_core.environment:checking '/home/ubuntu/Documents/RMC-MQP-2019-20/RASPI4/loaderWorkSpace/install/action_tutorials' for CMake config files
[42.321s] Level 1:colcon.colcon_core.shell:create_environment_hook('action_tutorials', 'cmake_prefix_path')
[42.324s] INFO:colcon.colcon_core.shell:Creating environment hook '/home/ubuntu/Documents/RMC-MQP-2019-20/RASPI4/loaderWorkSpace/install/action_tutorials/share/action_tutorials/hook/cmake_prefix_path.ps1'
[42.330s] INFO:colcon.colcon_core.shell:Creating environment descriptor '/home/ubuntu/Documents/RMC-MQP-2019-20/RASPI4/loaderWorkSpace/install/action_tutorials/share/action_tutorials/hook/cmake_prefix_path.dsv'
[42.333s] INFO:colcon.colcon_core.shell:Creating environment hook '/home/ubuntu/Documents/RMC-MQP-2019-20/RASPI4/loaderWorkSpace/install/action_tutorials/share/action_tutorials/hook/cmake_prefix_path.sh'
[42.339s] Level 1:colcon.colcon_core.environment:checking '/home/ubuntu/Documents/RMC-MQP-2019-20/RASPI4/loaderWorkSpace/install/action_tutorials/lib'
[42.341s] Level 1:colcon.colcon_core.shell:create_environment_hook('action_tutorials', 'ld_library_path_lib')
[42.347s] INFO:colcon.colcon_core.shell:Creating environment hook '/home/ubuntu/Documents/RMC-MQP-2019-20/RASPI4/loaderWorkSpace/install/action_tutorials/share/action_tutorials/hook/ld_library_path_lib.ps1'
[42.349s] INFO:colcon.colcon_core.shell:Creating environment descriptor '/home/ubuntu/Documents/RMC-MQP-2019-20/RASPI4/loaderWorkSpace/install/action_tutorials/share/action_tutorials/hook/ld_library_path_lib.dsv'
[42.351s] INFO:colcon.colcon_core.shell:Creating environment hook '/home/ubuntu/Documents/RMC-MQP-2019-20/RASPI4/loaderWorkSpace/install/action_tutorials/share/action_tutorials/hook/ld_library_path_lib.sh'
[42.352s] Level 1:colcon.colcon_core.environment:checking '/home/ubuntu/Documents/RMC-MQP-2019-20/RASPI4/loaderWorkSpace/install/action_tutorials/bin'
[42.353s] Level 1:colcon.colcon_core.environment:checking '/home/ubuntu/Documents/RMC-MQP-2019-20/RASPI4/loaderWorkSpace/install/action_tutorials/lib/pkgconfig/action_tutorials.pc'
[42.353s] Level 1:colcon.colcon_core.environment:checking '/home/ubuntu/Documents/RMC-MQP-2019-20/RASPI4/loaderWorkSpace/install/action_tutorials/lib/python3.6/site-packages'
[42.354s] Level 1:colcon.colcon_core.shell:create_environment_hook('action_tutorials', 'pythonpath')
[42.356s] INFO:colcon.colcon_core.shell:Creating environment hook '/home/ubuntu/Documents/RMC-MQP-2019-20/RASPI4/loaderWorkSpace/install/action_tutorials/share/action_tutorials/hook/pythonpath.ps1'
[42.358s] INFO:colcon.colcon_core.shell:Creating environment descriptor '/home/ubuntu/Documents/RMC-MQP-2019-20/RASPI4/loaderWorkSpace/install/action_tutorials/share/action_tutorials/hook/pythonpath.dsv'
[42.360s] INFO:colcon.colcon_core.shell:Creating environment hook '/home/ubuntu/Documents/RMC-MQP-2019-20/RASPI4/loaderWorkSpace/install/action_tutorials/share/action_tutorials/hook/pythonpath.sh'
[42.364s] INFO:colcon.colcon_core.shell:Creating package script '/home/ubuntu/Documents/RMC-MQP-2019-20/RASPI4/loaderWorkSpace/install/action_tutorials/share/action_tutorials/package.ps1'
[42.367s] INFO:colcon.colcon_core.shell:Creating package descriptor '/home/ubuntu/Documents/RMC-MQP-2019-20/RASPI4/loaderWorkSpace/install/action_tutorials/share/action_tutorials/package.dsv'
[42.370s] INFO:colcon.colcon_core.shell:Creating package script '/home/ubuntu/Documents/RMC-MQP-2019-20/RASPI4/loaderWorkSpace/install/action_tutorials/share/action_tutorials/package.sh'
[42.372s] INFO:colcon.colcon_core.shell:Creating package script '/home/ubuntu/Documents/RMC-MQP-2019-20/RASPI4/loaderWorkSpace/install/action_tutorials/share/action_tutorials/package.bash'
[42.377s] INFO:colcon.colcon_core.shell:Creating package script '/home/ubuntu/Documents/RMC-MQP-2019-20/RASPI4/loaderWorkSpace/install/action_tutorials/share/action_tutorials/package.zsh'
[42.381s] Level 1:colcon.colcon_core.environment:create_file_with_runtime_dependencies(/home/ubuntu/Documents/RMC-MQP-2019-20/RASPI4/loaderWorkSpace/install/action_tutorials/share/colcon-core/packages/action_tutorials)
[42.382s] DEBUG:colcon.colcon_parallel_executor.executor.parallel:closing loop
[42.385s] DEBUG:colcon.colcon_parallel_executor.executor.parallel:loop closed
[42.385s] DEBUG:colcon.colcon_parallel_executor.executor.parallel:run_until_complete finished with '0'
[42.386s] DEBUG:colcon.colcon_core.event_reactor:joining thread
[42.487s] INFO:colcon.colcon_core.plugin_system:Skipping extension 'colcon_notification.desktop_notification.terminal_notifier': Not used on non-Darwin systems
[42.487s] INFO:colcon.colcon_core.plugin_system:Skipping extension 'colcon_notification.desktop_notification.win32': Not used on non-Windows systems
[42.487s] INFO:colcon.colcon_notification.desktop_notification:Sending desktop notification using 'notify2'
[42.519s] DEBUG:colcon.colcon_core.event_reactor:joined thread
[42.524s] INFO:colcon.colcon_core.shell:Creating prefix script '/home/ubuntu/Documents/RMC-MQP-2019-20/RASPI4/loaderWorkSpace/install/local_setup.ps1'
[42.533s] INFO:colcon.colcon_core.shell:Creating prefix util module '/home/ubuntu/Documents/RMC-MQP-2019-20/RASPI4/loaderWorkSpace/install/_local_setup_util_ps1.py'
[42.542s] INFO:colcon.colcon_core.shell:Creating prefix chain script '/home/ubuntu/Documents/RMC-MQP-2019-20/RASPI4/loaderWorkSpace/install/setup.ps1'
[42.603s] INFO:colcon.colcon_core.shell:Creating prefix script '/home/ubuntu/Documents/RMC-MQP-2019-20/RASPI4/loaderWorkSpace/install/local_setup.sh'
[42.611s] INFO:colcon.colcon_core.shell:Creating prefix util module '/home/ubuntu/Documents/RMC-MQP-2019-20/RASPI4/loaderWorkSpace/install/_local_setup_util_sh.py'
[42.613s] INFO:colcon.colcon_core.shell:Creating prefix chain script '/home/ubuntu/Documents/RMC-MQP-2019-20/RASPI4/loaderWorkSpace/install/setup.sh'
[42.627s] INFO:colcon.colcon_core.shell:Creating prefix script '/home/ubuntu/Documents/RMC-MQP-2019-20/RASPI4/loaderWorkSpace/install/local_setup.bash'
[42.631s] INFO:colcon.colcon_core.shell:Creating prefix chain script '/home/ubuntu/Documents/RMC-MQP-2019-20/RASPI4/loaderWorkSpace/install/setup.bash'
[42.642s] INFO:colcon.colcon_core.shell:Creating prefix script '/home/ubuntu/Documents/RMC-MQP-2019-20/RASPI4/loaderWorkSpace/install/local_setup.zsh'
[42.646s] INFO:colcon.colcon_core.shell:Creating prefix chain script '/home/ubuntu/Documents/RMC-MQP-2019-20/RASPI4/loaderWorkSpace/install/setup.zsh'
