[1.207s] -- The C compiler identification is GNU 7.4.0
[1.926s] -- The CXX compiler identification is GNU 7.4.0
[1.955s] -- Check for working C compiler: /usr/bin/cc
[2.332s] -- Check for working C compiler: /usr/bin/cc -- works
[2.338s] -- Detecting C compiler ABI info
[2.695s] -- Detecting C compiler ABI info - done
[2.717s] -- Detecting C compile features
[3.822s] -- Detecting C compile features - done
[3.837s] -- Check for working CXX compiler: /usr/bin/c++
[4.213s] -- Check for working CXX compiler: /usr/bin/c++ -- works
[4.216s] -- Detecting CXX compiler ABI info
[4.620s] -- Detecting CXX compiler ABI info - done
[4.638s] -- Detecting CXX compile features
[6.308s] -- Detecting CXX compile features - done
[6.354s] -- Found ament_cmake: 0.7.4 (/opt/ros/dashing/share/ament_cmake/cmake)
[6.540s] -- Found PythonInterp: /usr/bin/python3 (found suitable version "3.6.9", minimum required is "3") 
[6.541s] -- Using PYTHON_EXECUTABLE: /usr/bin/python3
[7.803s] -- Found rosidl_default_generators: 0.7.0 (/opt/ros/dashing/share/rosidl_default_generators/cmake)
[8.537s] -- Found OpenSSL: /usr/lib/aarch64-linux-gnu/libcrypto.so (found version "1.1.1") 
[8.694s] -- Found FastRTPS: /opt/ros/dashing/include  
[8.835s] -- Found rosidl_adapter: 0.7.8 (/opt/ros/dashing/share/rosidl_adapter/cmake)
[9.450s] -- Found PythonInterp: /usr/bin/python3 (found version "3.6.9") 
[10.359s] -- Using single matching rosidl_typesupport_c: rosidl_typesupport_fastrtps_c
[10.429s] -- Using single matching rosidl_typesupport_cpp: rosidl_typesupport_fastrtps_cpp
[11.310s] -- Found rmw_implementation_cmake: 0.7.2 (/opt/ros/dashing/share/rmw_implementation_cmake/cmake)
[11.449s] -- Found PythonInterp: /usr/bin/python3 (found suitable version "3.6.9", minimum required is "3.5") 
[11.466s] -- Found python_cmake_module: 0.7.10 (/opt/ros/dashing/share/python_cmake_module/cmake)
[11.631s] -- Found PythonLibs: /usr/lib/aarch64-linux-gnu/libpython3.6m.so (found suitable version "3.6.9", minimum required is "3.5") 
[11.635s] -- Using PYTHON_EXECUTABLE: /usr/bin/python3
[11.638s] -- Using PYTHON_INCLUDE_DIRS: /usr/include/python3.6m
[11.638s] -- Using PYTHON_LIBRARIES: /usr/lib/aarch64-linux-gnu/libpython3.6m.so
[11.757s] -- Found PythonExtra: .so  
[12.595s] -- Found ament_lint_auto: 0.7.11 (/opt/ros/dashing/share/ament_lint_auto/cmake)
[12.863s] -- Added test 'copyright' to check for copyright in CMake / C / C++ / Python code
[12.973s] -- Added test 'flake8' to check Python code syntax and style conventions
[12.985s] -- Added test 'lint_cmake' to check CMake code style
[12.995s] -- Added test 'pep257' to check Python code against some of the style conventions in PEP 257
[13.048s] -- Added test 'xmllint' to check XML markup files
[13.082s] -- Configuring done
[13.713s] -- Generating done
[13.729s] -- Build files have been written to: /home/ubuntu/Documents/RMC-MQP-2019-20/RASPI4/loaderWorkSpace/build/action_tutorials
[13.961s] [  3%] [34m[1mGenerating C code for ROS interfaces[0m
[13.962s] [35m[1mScanning dependencies of target action_tutorials__cpp[0m
[14.014s] [  6%] [34m[1mGenerating C++ code for ROS interfaces[0m
[16.558s] [  6%] Built target action_tutorials__cpp
[16.616s] [ 13%] [34m[1mGenerating C++ introspection for ROS interfaces[0m
[16.617s] [ 13%] [34m[1mGenerating C++ type support for eProsima Fast-RTPS[0m
[17.085s] [35m[1mScanning dependencies of target action_tutorials__rosidl_generator_c[0m
[17.163s] [ 17%] [32mBuilding C object CMakeFiles/action_tutorials__rosidl_generator_c.dir/rosidl_generator_c/action_tutorials/action/fibonacci__functions.c.o[0m
[17.664s] [ 20%] [32m[1mLinking C shared library libaction_tutorials__rosidl_generator_c.so[0m
[17.894s] [ 20%] Built target action_tutorials__rosidl_generator_c
[17.947s] [ 24%] [34m[1mGenerating C introspection for ROS interfaces[0m
[19.064s] [35m[1mScanning dependencies of target action_tutorials__rosidl_typesupport_introspection_cpp[0m
[19.173s] [ 27%] [32mBuilding CXX object CMakeFiles/action_tutorials__rosidl_typesupport_introspection_cpp.dir/rosidl_typesupport_introspection_cpp/action_tutorials/action/fibonacci__type_support.cpp.o[0m
[19.642s] [35m[1mScanning dependencies of target action_tutorials__rosidl_typesupport_fastrtps_cpp[0m
[19.786s] [ 31%] [32mBuilding CXX object CMakeFiles/action_tutorials__rosidl_typesupport_fastrtps_cpp.dir/rosidl_typesupport_fastrtps_cpp/action_tutorials/action/dds_fastrtps/fibonacci__type_support.cpp.o[0m
[20.638s] [35m[1mScanning dependencies of target action_tutorials__rosidl_typesupport_introspection_c[0m
[20.734s] [ 34%] [32mBuilding C object CMakeFiles/action_tutorials__rosidl_typesupport_introspection_c.dir/rosidl_typesupport_introspection_c/action_tutorials/action/fibonacci__type_support.c.o[0m
[21.056s] [ 37%] [32m[1mLinking C shared library libaction_tutorials__rosidl_typesupport_introspection_c.so[0m
[21.176s] [ 41%] [32m[1mLinking CXX shared library libaction_tutorials__rosidl_typesupport_introspection_cpp.so[0m
[21.258s] [ 41%] Built target action_tutorials__rosidl_typesupport_introspection_c
[21.527s] [ 41%] Built target action_tutorials__rosidl_typesupport_introspection_cpp
[22.473s] [ 44%] [32m[1mLinking CXX shared library libaction_tutorials__rosidl_typesupport_fastrtps_cpp.so[0m
[22.836s] [ 44%] Built target action_tutorials__rosidl_typesupport_fastrtps_cpp
[22.914s] [ 51%] [34m[1mGenerating C type support for eProsima Fast-RTPS[0m
[22.915s] [ 51%] [34m[1mGenerating C++ type support dispatch for ROS interfaces[0m
[24.832s] [35m[1mScanning dependencies of target action_tutorials__rosidl_typesupport_cpp[0m
[24.925s] [ 55%] [32mBuilding CXX object CMakeFiles/action_tutorials__rosidl_typesupport_cpp.dir/rosidl_typesupport_cpp/action_tutorials/action/fibonacci__type_support.cpp.o[0m
[25.632s] [35m[1mScanning dependencies of target action_tutorials__rosidl_typesupport_fastrtps_c[0m
[25.749s] [ 58%] [32mBuilding CXX object CMakeFiles/action_tutorials__rosidl_typesupport_fastrtps_c.dir/rosidl_typesupport_fastrtps_c/action_tutorials/action/fibonacci__type_support_c.cpp.o[0m
[27.080s] [ 62%] [32m[1mLinking CXX shared library libaction_tutorials__rosidl_typesupport_cpp.so[0m
[27.550s] [ 62%] Built target action_tutorials__rosidl_typesupport_cpp
[27.842s] [ 65%] [32m[1mLinking CXX shared library libaction_tutorials__rosidl_typesupport_fastrtps_c.so[0m
[28.256s] [ 65%] Built target action_tutorials__rosidl_typesupport_fastrtps_c
[28.318s] [ 68%] [34m[1mGenerating C type support dispatch for ROS interfaces[0m
[30.074s] [35m[1mScanning dependencies of target action_tutorials__rosidl_typesupport_c[0m
[30.151s] [ 72%] [32mBuilding CXX object CMakeFiles/action_tutorials__rosidl_typesupport_c.dir/rosidl_typesupport_c/action_tutorials/action/fibonacci__type_support.cpp.o[0m
[30.367s] [ 75%] [32m[1mLinking CXX shared library libaction_tutorials__rosidl_typesupport_c.so[0m
[30.626s] [ 75%] Built target action_tutorials__rosidl_typesupport_c
[30.670s] [35m[1mScanning dependencies of target action_tutorials[0m
[30.735s] [ 75%] Built target action_tutorials
[30.788s] [35m[1mScanning dependencies of target action_tutorials__py[0m
[30.844s] [ 79%] [34m[1mGenerating Python code for ROS interfaces[0m
[36.485s] [ 79%] Built target action_tutorials__py
[36.531s] [35m[1mScanning dependencies of target action_tutorials__python[0m
[36.737s] [ 82%] [32mBuilding C object CMakeFiles/action_tutorials__python.dir/rosidl_generator_py/action_tutorials/action/_fibonacci_s.c.o[0m
[37.489s] [ 86%] [32m[1mLinking C shared library rosidl_generator_py/action_tutorials/libaction_tutorials__python.so[0m
[37.817s] [ 86%] Built target action_tutorials__python
[37.875s] [35m[1mScanning dependencies of target action_tutorials__rosidl_typesupport_c__pyext[0m
[37.875s] [35m[1mScanning dependencies of target action_tutorials__rosidl_typesupport_fastrtps_c__pyext[0m
[37.985s] [ 89%] [32mBuilding C object CMakeFiles/action_tutorials__rosidl_typesupport_c__pyext.dir/rosidl_generator_py/action_tutorials/_action_tutorials_s.ep.rosidl_typesupport_c.c.o[0m
[37.992s] [ 93%] [32mBuilding C object CMakeFiles/action_tutorials__rosidl_typesupport_fastrtps_c__pyext.dir/rosidl_generator_py/action_tutorials/_action_tutorials_s.ep.rosidl_typesupport_fastrtps_c.c.o[0m
[38.582s] [ 96%] [32m[1mLinking C shared library rosidl_generator_py/action_tutorials/action_tutorials_s__rosidl_typesupport_c.cpython-36m-aarch64-linux-gnu.so[0m
[38.607s] [100%] [32m[1mLinking C shared library rosidl_generator_py/action_tutorials/action_tutorials_s__rosidl_typesupport_fastrtps_c.cpython-36m-aarch64-linux-gnu.so[0m
[39.112s] [100%] Built target action_tutorials__rosidl_typesupport_c__pyext
[39.138s] [100%] Built target action_tutorials__rosidl_typesupport_fastrtps_c__pyext
[39.828s] [  3%] Built target action_tutorials__cpp
[39.839s] [ 13%] Built target action_tutorials__rosidl_generator_c
[39.955s] [ 24%] Built target action_tutorials__rosidl_typesupport_introspection_cpp
[39.964s] [ 34%] Built target action_tutorials__rosidl_typesupport_introspection_c
[40.001s] [ 44%] Built target action_tutorials__rosidl_typesupport_fastrtps_cpp
[40.155s] [ 65%] Built target action_tutorials__rosidl_typesupport_fastrtps_c
[40.156s] [ 65%] Built target action_tutorials__rosidl_typesupport_cpp
[40.311s] [ 75%] Built target action_tutorials__rosidl_typesupport_c
[40.410s] [ 75%] Built target action_tutorials
[40.512s] [ 79%] Built target action_tutorials__py
[40.653s] [ 86%] Built target action_tutorials__python
[40.816s] [100%] Built target action_tutorials__rosidl_typesupport_c__pyext
[40.817s] [100%] Built target action_tutorials__rosidl_typesupport_fastrtps_c__pyext
[40.907s] [36mInstall the project...[0m
[40.947s] -- Install configuration: ""
[40.948s] -- Installing: /home/ubuntu/Documents/RMC-MQP-2019-20/RASPI4/loaderWorkSpace/install/action_tutorials/share/ament_index/resource_index/rosidl_interfaces/action_tutorials
[40.950s] -- Installing: /home/ubuntu/Documents/RMC-MQP-2019-20/RASPI4/loaderWorkSpace/install/action_tutorials/lib/libaction_tutorials__rosidl_typesupport_c.so
[40.952s] -- Set runtime path of "/home/ubuntu/Documents/RMC-MQP-2019-20/RASPI4/loaderWorkSpace/install/action_tutorials/lib/libaction_tutorials__rosidl_typesupport_c.so" to ""
[40.953s] -- Installing: /home/ubuntu/Documents/RMC-MQP-2019-20/RASPI4/loaderWorkSpace/install/action_tutorials/share/action_tutorials/environment/library_path.sh
[40.954s] -- Installing: /home/ubuntu/Documents/RMC-MQP-2019-20/RASPI4/loaderWorkSpace/install/action_tutorials/lib/libaction_tutorials__rosidl_typesupport_cpp.so
[40.957s] -- Set runtime path of "/home/ubuntu/Documents/RMC-MQP-2019-20/RASPI4/loaderWorkSpace/install/action_tutorials/lib/libaction_tutorials__rosidl_typesupport_cpp.so" to ""
[40.957s] -- Installing: /home/ubuntu/Documents/RMC-MQP-2019-20/RASPI4/loaderWorkSpace/install/action_tutorials/include/action_tutorials
[40.958s] -- Installing: /home/ubuntu/Documents/RMC-MQP-2019-20/RASPI4/loaderWorkSpace/install/action_tutorials/include/action_tutorials/action
[40.958s] -- Installing: /home/ubuntu/Documents/RMC-MQP-2019-20/RASPI4/loaderWorkSpace/install/action_tutorials/include/action_tutorials/action/fibonacci__rosidl_typesupport_fastrtps_c.h
[40.959s] -- Installing: /home/ubuntu/Documents/RMC-MQP-2019-20/RASPI4/loaderWorkSpace/install/action_tutorials/include/action_tutorials/msg
[40.960s] -- Installing: /home/ubuntu/Documents/RMC-MQP-2019-20/RASPI4/loaderWorkSpace/install/action_tutorials/include/action_tutorials/msg/rosidl_typesupport_fastrtps_c__visibility_control.h
[40.961s] -- Installing: /home/ubuntu/Documents/RMC-MQP-2019-20/RASPI4/loaderWorkSpace/install/action_tutorials/lib/libaction_tutorials__rosidl_typesupport_fastrtps_c.so
[40.964s] -- Set runtime path of "/home/ubuntu/Documents/RMC-MQP-2019-20/RASPI4/loaderWorkSpace/install/action_tutorials/lib/libaction_tutorials__rosidl_typesupport_fastrtps_c.so" to ""
[40.964s] -- Up-to-date: /home/ubuntu/Documents/RMC-MQP-2019-20/RASPI4/loaderWorkSpace/install/action_tutorials/include/action_tutorials
[40.965s] -- Up-to-date: /home/ubuntu/Documents/RMC-MQP-2019-20/RASPI4/loaderWorkSpace/install/action_tutorials/include/action_tutorials/action
[40.965s] -- Installing: /home/ubuntu/Documents/RMC-MQP-2019-20/RASPI4/loaderWorkSpace/install/action_tutorials/include/action_tutorials/action/fibonacci.h
[40.966s] -- Installing: /home/ubuntu/Documents/RMC-MQP-2019-20/RASPI4/loaderWorkSpace/install/action_tutorials/include/action_tutorials/action/fibonacci__functions.h
[40.967s] -- Installing: /home/ubuntu/Documents/RMC-MQP-2019-20/RASPI4/loaderWorkSpace/install/action_tutorials/include/action_tutorials/action/fibonacci__type_support.h
[40.968s] -- Installing: /home/ubuntu/Documents/RMC-MQP-2019-20/RASPI4/loaderWorkSpace/install/action_tutorials/include/action_tutorials/action/fibonacci__functions.c
[40.969s] -- Installing: /home/ubuntu/Documents/RMC-MQP-2019-20/RASPI4/loaderWorkSpace/install/action_tutorials/include/action_tutorials/action/fibonacci__struct.h
[40.970s] -- Up-to-date: /home/ubuntu/Documents/RMC-MQP-2019-20/RASPI4/loaderWorkSpace/install/action_tutorials/include/action_tutorials/msg
[40.971s] -- Installing: /home/ubuntu/Documents/RMC-MQP-2019-20/RASPI4/loaderWorkSpace/install/action_tutorials/include/action_tutorials/msg/rosidl_generator_c__visibility_control.h
[40.972s] -- Installing: /home/ubuntu/Documents/RMC-MQP-2019-20/RASPI4/loaderWorkSpace/install/action_tutorials/lib/libaction_tutorials__rosidl_generator_c.so
[40.974s] -- Set runtime path of "/home/ubuntu/Documents/RMC-MQP-2019-20/RASPI4/loaderWorkSpace/install/action_tutorials/lib/libaction_tutorials__rosidl_generator_c.so" to ""
[40.975s] -- Up-to-date: /home/ubuntu/Documents/RMC-MQP-2019-20/RASPI4/loaderWorkSpace/install/action_tutorials/include/action_tutorials
[40.975s] -- Up-to-date: /home/ubuntu/Documents/RMC-MQP-2019-20/RASPI4/loaderWorkSpace/install/action_tutorials/include/action_tutorials/action
[40.976s] -- Installing: /home/ubuntu/Documents/RMC-MQP-2019-20/RASPI4/loaderWorkSpace/install/action_tutorials/include/action_tutorials/action/fibonacci__rosidl_typesupport_fastrtps_cpp.hpp
[40.977s] -- Installing: /home/ubuntu/Documents/RMC-MQP-2019-20/RASPI4/loaderWorkSpace/install/action_tutorials/include/action_tutorials/action/dds_fastrtps
[40.977s] -- Up-to-date: /home/ubuntu/Documents/RMC-MQP-2019-20/RASPI4/loaderWorkSpace/install/action_tutorials/include/action_tutorials/msg
[40.978s] -- Installing: /home/ubuntu/Documents/RMC-MQP-2019-20/RASPI4/loaderWorkSpace/install/action_tutorials/include/action_tutorials/msg/rosidl_typesupport_fastrtps_cpp__visibility_control.h
[40.979s] -- Installing: /home/ubuntu/Documents/RMC-MQP-2019-20/RASPI4/loaderWorkSpace/install/action_tutorials/lib/libaction_tutorials__rosidl_typesupport_fastrtps_cpp.so
[40.985s] -- Set runtime path of "/home/ubuntu/Documents/RMC-MQP-2019-20/RASPI4/loaderWorkSpace/install/action_tutorials/lib/libaction_tutorials__rosidl_typesupport_fastrtps_cpp.so" to ""
[40.990s] -- Up-to-date: /home/ubuntu/Documents/RMC-MQP-2019-20/RASPI4/loaderWorkSpace/install/action_tutorials/include/action_tutorials
[40.993s] -- Up-to-date: /home/ubuntu/Documents/RMC-MQP-2019-20/RASPI4/loaderWorkSpace/install/action_tutorials/include/action_tutorials/action
[40.993s] -- Installing: /home/ubuntu/Documents/RMC-MQP-2019-20/RASPI4/loaderWorkSpace/install/action_tutorials/include/action_tutorials/action/fibonacci__struct.hpp
[40.994s] -- Installing: /home/ubuntu/Documents/RMC-MQP-2019-20/RASPI4/loaderWorkSpace/install/action_tutorials/include/action_tutorials/action/fibonacci__traits.hpp
[40.994s] -- Installing: /home/ubuntu/Documents/RMC-MQP-2019-20/RASPI4/loaderWorkSpace/install/action_tutorials/include/action_tutorials/action/fibonacci.hpp
[40.995s] -- Up-to-date: /home/ubuntu/Documents/RMC-MQP-2019-20/RASPI4/loaderWorkSpace/install/action_tutorials/include/action_tutorials
[40.995s] -- Up-to-date: /home/ubuntu/Documents/RMC-MQP-2019-20/RASPI4/loaderWorkSpace/install/action_tutorials/include/action_tutorials/action
[40.996s] -- Installing: /home/ubuntu/Documents/RMC-MQP-2019-20/RASPI4/loaderWorkSpace/install/action_tutorials/include/action_tutorials/action/fibonacci__type_support.c
[40.996s] -- Installing: /home/ubuntu/Documents/RMC-MQP-2019-20/RASPI4/loaderWorkSpace/install/action_tutorials/include/action_tutorials/action/fibonacci__rosidl_typesupport_introspection_c.h
[40.997s] -- Up-to-date: /home/ubuntu/Documents/RMC-MQP-2019-20/RASPI4/loaderWorkSpace/install/action_tutorials/include/action_tutorials/msg
[40.997s] -- Installing: /home/ubuntu/Documents/RMC-MQP-2019-20/RASPI4/loaderWorkSpace/install/action_tutorials/include/action_tutorials/msg/rosidl_typesupport_introspection_c__visibility_control.h
[40.998s] -- Installing: /home/ubuntu/Documents/RMC-MQP-2019-20/RASPI4/loaderWorkSpace/install/action_tutorials/lib/libaction_tutorials__rosidl_typesupport_introspection_c.so
[41.000s] -- Set runtime path of "/home/ubuntu/Documents/RMC-MQP-2019-20/RASPI4/loaderWorkSpace/install/action_tutorials/lib/libaction_tutorials__rosidl_typesupport_introspection_c.so" to ""
[41.001s] -- Up-to-date: /home/ubuntu/Documents/RMC-MQP-2019-20/RASPI4/loaderWorkSpace/install/action_tutorials/include/action_tutorials
[41.001s] -- Up-to-date: /home/ubuntu/Documents/RMC-MQP-2019-20/RASPI4/loaderWorkSpace/install/action_tutorials/include/action_tutorials/action
[41.002s] -- Installing: /home/ubuntu/Documents/RMC-MQP-2019-20/RASPI4/loaderWorkSpace/install/action_tutorials/include/action_tutorials/action/fibonacci__type_support.cpp
[41.003s] -- Installing: /home/ubuntu/Documents/RMC-MQP-2019-20/RASPI4/loaderWorkSpace/install/action_tutorials/include/action_tutorials/action/fibonacci__rosidl_typesupport_introspection_cpp.hpp
[41.004s] -- Installing: /home/ubuntu/Documents/RMC-MQP-2019-20/RASPI4/loaderWorkSpace/install/action_tutorials/lib/libaction_tutorials__rosidl_typesupport_introspection_cpp.so
[41.007s] -- Set runtime path of "/home/ubuntu/Documents/RMC-MQP-2019-20/RASPI4/loaderWorkSpace/install/action_tutorials/lib/libaction_tutorials__rosidl_typesupport_introspection_cpp.so" to ""
[41.007s] -- Installing: /home/ubuntu/Documents/RMC-MQP-2019-20/RASPI4/loaderWorkSpace/install/action_tutorials/share/action_tutorials/environment/pythonpath.sh
[41.009s] -- Installing: /home/ubuntu/Documents/RMC-MQP-2019-20/RASPI4/loaderWorkSpace/install/action_tutorials/lib/python3.6/site-packages/action_tutorials/__init__.py
[41.175s] Compiling '/home/ubuntu/Documents/RMC-MQP-2019-20/RASPI4/loaderWorkSpace/install/action_tutorials/lib/python3.6/site-packages/action_tutorials/__init__.py'...
[41.209s] -- Installing: /home/ubuntu/Documents/RMC-MQP-2019-20/RASPI4/loaderWorkSpace/install/action_tutorials/lib/python3.6/site-packages/action_tutorials/action
[41.209s] -- Installing: /home/ubuntu/Documents/RMC-MQP-2019-20/RASPI4/loaderWorkSpace/install/action_tutorials/lib/python3.6/site-packages/action_tutorials/action/_fibonacci.py
[41.210s] -- Installing: /home/ubuntu/Documents/RMC-MQP-2019-20/RASPI4/loaderWorkSpace/install/action_tutorials/lib/python3.6/site-packages/action_tutorials/action/_fibonacci_s.c
[41.212s] -- Installing: /home/ubuntu/Documents/RMC-MQP-2019-20/RASPI4/loaderWorkSpace/install/action_tutorials/lib/python3.6/site-packages/action_tutorials/action/__init__.py
[41.213s] -- Installing: /home/ubuntu/Documents/RMC-MQP-2019-20/RASPI4/loaderWorkSpace/install/action_tutorials/lib/python3.6/site-packages/action_tutorials/action_tutorials_s__rosidl_typesupport_c.cpython-36m-aarch64-linux-gnu.so
[41.216s] -- Set runtime path of "/home/ubuntu/Documents/RMC-MQP-2019-20/RASPI4/loaderWorkSpace/install/action_tutorials/lib/python3.6/site-packages/action_tutorials/action_tutorials_s__rosidl_typesupport_c.cpython-36m-aarch64-linux-gnu.so" to ""
[41.217s] -- Installing: /home/ubuntu/Documents/RMC-MQP-2019-20/RASPI4/loaderWorkSpace/install/action_tutorials/lib/python3.6/site-packages/action_tutorials/action_tutorials_s__rosidl_typesupport_fastrtps_c.cpython-36m-aarch64-linux-gnu.so
[41.220s] -- Set runtime path of "/home/ubuntu/Documents/RMC-MQP-2019-20/RASPI4/loaderWorkSpace/install/action_tutorials/lib/python3.6/site-packages/action_tutorials/action_tutorials_s__rosidl_typesupport_fastrtps_c.cpython-36m-aarch64-linux-gnu.so" to ""
[41.221s] -- Installing: /home/ubuntu/Documents/RMC-MQP-2019-20/RASPI4/loaderWorkSpace/install/action_tutorials/lib/libaction_tutorials__python.so
[41.223s] -- Set runtime path of "/home/ubuntu/Documents/RMC-MQP-2019-20/RASPI4/loaderWorkSpace/install/action_tutorials/lib/libaction_tutorials__python.so" to ""
[41.224s] -- Installing: /home/ubuntu/Documents/RMC-MQP-2019-20/RASPI4/loaderWorkSpace/install/action_tutorials/share/action_tutorials/action/Fibonacci.idl
[41.225s] -- Installing: /home/ubuntu/Documents/RMC-MQP-2019-20/RASPI4/loaderWorkSpace/install/action_tutorials/share/action_tutorials/action/Fibonacci.action
[41.227s] -- Installing: /home/ubuntu/Documents/RMC-MQP-2019-20/RASPI4/loaderWorkSpace/install/action_tutorials/share/ament_index/resource_index/package_run_dependencies/action_tutorials
[41.228s] -- Installing: /home/ubuntu/Documents/RMC-MQP-2019-20/RASPI4/loaderWorkSpace/install/action_tutorials/share/ament_index/resource_index/parent_prefix_path/action_tutorials
[41.229s] -- Installing: /home/ubuntu/Documents/RMC-MQP-2019-20/RASPI4/loaderWorkSpace/install/action_tutorials/share/action_tutorials/environment/ament_prefix_path.sh
[41.230s] -- Installing: /home/ubuntu/Documents/RMC-MQP-2019-20/RASPI4/loaderWorkSpace/install/action_tutorials/share/action_tutorials/environment/path.sh
[41.231s] -- Installing: /home/ubuntu/Documents/RMC-MQP-2019-20/RASPI4/loaderWorkSpace/install/action_tutorials/share/action_tutorials/local_setup.bash
[41.233s] -- Installing: /home/ubuntu/Documents/RMC-MQP-2019-20/RASPI4/loaderWorkSpace/install/action_tutorials/share/action_tutorials/local_setup.sh
[41.234s] -- Installing: /home/ubuntu/Documents/RMC-MQP-2019-20/RASPI4/loaderWorkSpace/install/action_tutorials/share/action_tutorials/local_setup.zsh
[41.235s] -- Installing: /home/ubuntu/Documents/RMC-MQP-2019-20/RASPI4/loaderWorkSpace/install/action_tutorials/share/ament_index/resource_index/packages/action_tutorials
[41.236s] -- Installing: /home/ubuntu/Documents/RMC-MQP-2019-20/RASPI4/loaderWorkSpace/install/action_tutorials/share/action_tutorials/cmake/rosidl_cmake-extras.cmake
[41.238s] -- Installing: /home/ubuntu/Documents/RMC-MQP-2019-20/RASPI4/loaderWorkSpace/install/action_tutorials/share/action_tutorials/cmake/ament_cmake_export_dependencies-extras.cmake
[41.239s] -- Installing: /home/ubuntu/Documents/RMC-MQP-2019-20/RASPI4/loaderWorkSpace/install/action_tutorials/share/action_tutorials/cmake/ament_cmake_export_libraries-extras.cmake
[41.240s] -- Installing: /home/ubuntu/Documents/RMC-MQP-2019-20/RASPI4/loaderWorkSpace/install/action_tutorials/share/action_tutorials/cmake/ament_cmake_export_include_directories-extras.cmake
[41.242s] -- Installing: /home/ubuntu/Documents/RMC-MQP-2019-20/RASPI4/loaderWorkSpace/install/action_tutorials/share/action_tutorials/cmake/action_tutorialsConfig.cmake
[41.242s] -- Installing: /home/ubuntu/Documents/RMC-MQP-2019-20/RASPI4/loaderWorkSpace/install/action_tutorials/share/action_tutorials/cmake/action_tutorialsConfig-version.cmake
[41.243s] -- Installing: /home/ubuntu/Documents/RMC-MQP-2019-20/RASPI4/loaderWorkSpace/install/action_tutorials/share/action_tutorials/package.xml
