[2.824s] Invoking command in '/home/ubuntu/Documents/RMC-MQP-2019-20/RASPI4/loaderWorkSpace/src/loadernasa': PYTHONPATH=/home/ubuntu/Documents/RMC-MQP-2019-20/RASPI4/loaderWorkSpace/install/loadernasa/lib/python3.6/site-packages:${PYTHONPATH} /usr/bin/python3 setup.py egg_info --egg-base /home/ubuntu/Documents/RMC-MQP-2019-20/RASPI4/loaderWorkSpace/build/loadernasa build --build-base /home/ubuntu/Documents/RMC-MQP-2019-20/RASPI4/loaderWorkSpace/build/loadernasa/build install --prefix /home/ubuntu/Documents/RMC-MQP-2019-20/RASPI4/loaderWorkSpace/install/loadernasa --record /home/ubuntu/Documents/RMC-MQP-2019-20/RASPI4/loaderWorkSpace/build/loadernasa/install.log --single-version-externally-managed
[3.963s] running egg_info
[3.965s] writing /home/ubuntu/Documents/RMC-MQP-2019-20/RASPI4/loaderWorkSpace/build/loadernasa/loadernasa.egg-info/PKG-INFO
[3.967s] writing dependency_links to /home/ubuntu/Documents/RMC-MQP-2019-20/RASPI4/loaderWorkSpace/build/loadernasa/loadernasa.egg-info/dependency_links.txt
[3.970s] writing entry points to /home/ubuntu/Documents/RMC-MQP-2019-20/RASPI4/loaderWorkSpace/build/loadernasa/loadernasa.egg-info/entry_points.txt
[3.973s] writing requirements to /home/ubuntu/Documents/RMC-MQP-2019-20/RASPI4/loaderWorkSpace/build/loadernasa/loadernasa.egg-info/requires.txt
[3.976s] writing top-level names to /home/ubuntu/Documents/RMC-MQP-2019-20/RASPI4/loaderWorkSpace/build/loadernasa/loadernasa.egg-info/top_level.txt
[4.145s] reading manifest file '/home/ubuntu/Documents/RMC-MQP-2019-20/RASPI4/loaderWorkSpace/build/loadernasa/loadernasa.egg-info/SOURCES.txt'
[4.154s] writing manifest file '/home/ubuntu/Documents/RMC-MQP-2019-20/RASPI4/loaderWorkSpace/build/loadernasa/loadernasa.egg-info/SOURCES.txt'
[4.155s] running build
[4.155s] running build_py
[4.163s] running install
[4.165s] running install_lib
[4.181s] running install_data
[4.184s] copying package.xml -> /home/ubuntu/Documents/RMC-MQP-2019-20/RASPI4/loaderWorkSpace/install/loadernasa/share/loadernasa
[4.185s] running install_egg_info
[4.194s] removing '/home/ubuntu/Documents/RMC-MQP-2019-20/RASPI4/loaderWorkSpace/install/loadernasa/lib/python3.6/site-packages/loadernasa-0.0.0-py3.6.egg-info' (and everything under it)
[4.196s] Copying /home/ubuntu/Documents/RMC-MQP-2019-20/RASPI4/loaderWorkSpace/build/loadernasa/loadernasa.egg-info to /home/ubuntu/Documents/RMC-MQP-2019-20/RASPI4/loaderWorkSpace/install/loadernasa/lib/python3.6/site-packages/loadernasa-0.0.0-py3.6.egg-info
[4.201s] running install_scripts
[4.288s] Installing client script to /home/ubuntu/Documents/RMC-MQP-2019-20/RASPI4/loaderWorkSpace/install/loadernasa/lib/loadernasa
[4.289s] Installing listener script to /home/ubuntu/Documents/RMC-MQP-2019-20/RASPI4/loaderWorkSpace/install/loadernasa/lib/loadernasa
[4.289s] Installing service script to /home/ubuntu/Documents/RMC-MQP-2019-20/RASPI4/loaderWorkSpace/install/loadernasa/lib/loadernasa
[4.290s] Installing talker script to /home/ubuntu/Documents/RMC-MQP-2019-20/RASPI4/loaderWorkSpace/install/loadernasa/lib/loadernasa
[4.294s] writing list of installed files to '/home/ubuntu/Documents/RMC-MQP-2019-20/RASPI4/loaderWorkSpace/build/loadernasa/install.log'
[4.401s] Invoked command in '/home/ubuntu/Documents/RMC-MQP-2019-20/RASPI4/loaderWorkSpace/src/loadernasa' returned '0': PYTHONPATH=/home/ubuntu/Documents/RMC-MQP-2019-20/RASPI4/loaderWorkSpace/install/loadernasa/lib/python3.6/site-packages:${PYTHONPATH} /usr/bin/python3 setup.py egg_info --egg-base /home/ubuntu/Documents/RMC-MQP-2019-20/RASPI4/loaderWorkSpace/build/loadernasa build --build-base /home/ubuntu/Documents/RMC-MQP-2019-20/RASPI4/loaderWorkSpace/build/loadernasa/build install --prefix /home/ubuntu/Documents/RMC-MQP-2019-20/RASPI4/loaderWorkSpace/install/loadernasa --record /home/ubuntu/Documents/RMC-MQP-2019-20/RASPI4/loaderWorkSpace/build/loadernasa/install.log --single-version-externally-managed
