[1.233s] running egg_info
[1.233s] writing /home/nasarmc/loaderWorkSpace/build/loadernasa/loadernasa.egg-info/PKG-INFO
[1.234s] writing dependency_links to /home/nasarmc/loaderWorkSpace/build/loadernasa/loadernasa.egg-info/dependency_links.txt
[1.235s] writing entry points to /home/nasarmc/loaderWorkSpace/build/loadernasa/loadernasa.egg-info/entry_points.txt
[1.235s] writing requirements to /home/nasarmc/loaderWorkSpace/build/loadernasa/loadernasa.egg-info/requires.txt
[1.236s] writing top-level names to /home/nasarmc/loaderWorkSpace/build/loadernasa/loadernasa.egg-info/top_level.txt
[1.283s] reading manifest file '/home/nasarmc/loaderWorkSpace/build/loadernasa/loadernasa.egg-info/SOURCES.txt'
[1.285s] writing manifest file '/home/nasarmc/loaderWorkSpace/build/loadernasa/loadernasa.egg-info/SOURCES.txt'
[1.286s] running build
[1.286s] running build_py
[1.286s] copying loadernasa/service_member_function.py -> /home/nasarmc/loaderWorkSpace/build/loadernasa/build/lib/loadernasa
[1.293s] running install
[1.294s] running install_lib
[1.296s] copying /home/nasarmc/loaderWorkSpace/build/loadernasa/build/lib/loadernasa/service_member_function.py -> /home/nasarmc/loaderWorkSpace/install/loadernasa/lib/python3.6/site-packages/loadernasa
[1.298s] byte-compiling /home/nasarmc/loaderWorkSpace/install/loadernasa/lib/python3.6/site-packages/loadernasa/service_member_function.py to service_member_function.cpython-36.pyc
[1.301s] running install_data
[1.301s] running install_egg_info
[1.304s] removing '/home/nasarmc/loaderWorkSpace/install/loadernasa/lib/python3.6/site-packages/loadernasa-0.0.0-py3.6.egg-info' (and everything under it)
[1.310s] Copying /home/nasarmc/loaderWorkSpace/build/loadernasa/loadernasa.egg-info to /home/nasarmc/loaderWorkSpace/install/loadernasa/lib/python3.6/site-packages/loadernasa-0.0.0-py3.6.egg-info
[1.322s] running install_scripts
[1.347s] Installing client script to /home/nasarmc/loaderWorkSpace/install/loadernasa/lib/loadernasa
[1.348s] Installing listener script to /home/nasarmc/loaderWorkSpace/install/loadernasa/lib/loadernasa
[1.348s] Installing service script to /home/nasarmc/loaderWorkSpace/install/loadernasa/lib/loadernasa
[1.349s] Installing talker script to /home/nasarmc/loaderWorkSpace/install/loadernasa/lib/loadernasa
[1.350s] writing list of installed files to '/home/nasarmc/loaderWorkSpace/build/loadernasa/install.log'
