[0.890s] DEBUG:colcon:Command line arguments: ['/usr/bin/colcon', 'build', '--packages-select', 'loadernasa']
[0.891s] DEBUG:colcon:Parsed command line arguments: Namespace(ament_cmake_args=None, base_paths=['.'], build_base='build', catkin_cmake_args=None, catkin_skip_building_tests=False, cmake_args=None, cmake_clean_cache=False, cmake_clean_first=False, cmake_force_configure=False, cmake_target=None, cmake_target_skip_unavailable=False, continue_on_error=False, event_handlers=None, executor='parallel', ignore_user_meta=False, install_base='install', log_base=None, log_level=None, main=<bound method BuildVerb.main of <colcon_core.verb.build.BuildVerb object at 0xffffa07ed4e0>>, merge_install=False, metas=['./colcon.meta'], packages_above=None, packages_above_depth=None, packages_end=None, packages_ignore=None, packages_ignore_regex=None, packages_select=['loadernasa'], packages_select_build_failed=False, packages_select_by_dep=None, packages_select_regex=None, packages_select_test_failures=False, packages_skip=None, packages_skip_build_finished=False, packages_skip_by_dep=None, packages_skip_regex=None, packages_skip_test_passed=False, packages_skip_up_to=None, packages_start=None, packages_up_to=None, parallel_workers=4, paths=None, symlink_install=False, test_result_base=None, verb_extension=<colcon_core.verb.build.BuildVerb object at 0xffffa07ed4e0>, verb_name='build', verb_parser=<colcon_defaults.argument_parser.defaults.DefaultArgumentsDecorator object at 0xffffa07ed828>)
[1.087s] Level 1:colcon.colcon_core.package_discovery:discover_packages(colcon_meta) check parameters
[1.087s] Level 1:colcon.colcon_core.package_discovery:discover_packages(recursive) check parameters
[1.091s] Level 1:colcon.colcon_core.package_discovery:discover_packages(ignore) check parameters
[1.092s] Level 1:colcon.colcon_core.package_discovery:discover_packages(path) check parameters
[1.092s] Level 1:colcon.colcon_core.package_discovery:discover_packages(colcon_meta) discover
[1.093s] Level 1:colcon.colcon_core.package_discovery:discover_packages(recursive) discover
[1.093s] INFO:colcon.colcon_core.package_discovery:Crawling recursively for packages in '/home/ubuntu/Documents/RMC-MQP-2019-20/RASPI4/loaderWorkSpace'
[1.094s] Level 1:colcon.colcon_core.package_identification:_identify(.) by extensions ['ignore', 'ignore_ament_install']
[1.095s] Level 1:colcon.colcon_core.package_identification:_identify(.) by extension 'ignore'
[1.095s] Level 1:colcon.colcon_core.package_identification:_identify(.) by extension 'ignore_ament_install'
[1.096s] Level 1:colcon.colcon_core.package_identification:_identify(.) by extensions ['colcon_pkg']
[1.096s] Level 1:colcon.colcon_core.package_identification:_identify(.) by extension 'colcon_pkg'
[1.096s] Level 1:colcon.colcon_core.package_identification:_identify(.) by extensions ['colcon_meta']
[1.096s] Level 1:colcon.colcon_core.package_identification:_identify(.) by extension 'colcon_meta'
[1.096s] Level 1:colcon.colcon_core.package_identification:_identify(.) by extensions ['ros']
[1.097s] Level 1:colcon.colcon_core.package_identification:_identify(.) by extension 'ros'
[1.153s] Level 1:colcon.colcon_core.package_identification:_identify(.) by extensions ['cmake', 'python']
[1.154s] Level 1:colcon.colcon_core.package_identification:_identify(.) by extension 'cmake'
[1.154s] Level 1:colcon.colcon_core.package_identification:_identify(.) by extension 'python'
[1.154s] Level 1:colcon.colcon_core.package_identification:_identify(.) by extensions ['python_setup_py']
[1.154s] Level 1:colcon.colcon_core.package_identification:_identify(.) by extension 'python_setup_py'
[1.155s] Level 1:colcon.colcon_core.package_identification:_identify(build) by extensions ['ignore', 'ignore_ament_install']
[1.156s] Level 1:colcon.colcon_core.package_identification:_identify(build) by extension 'ignore'
[1.156s] Level 1:colcon.colcon_core.package_identification:_identify(build) ignored
[1.158s] Level 1:colcon.colcon_core.package_identification:_identify(install) by extensions ['ignore', 'ignore_ament_install']
[1.158s] Level 1:colcon.colcon_core.package_identification:_identify(install) by extension 'ignore'
[1.158s] Level 1:colcon.colcon_core.package_identification:_identify(install) ignored
[1.159s] Level 1:colcon.colcon_core.package_identification:_identify(log) by extensions ['ignore', 'ignore_ament_install']
[1.160s] Level 1:colcon.colcon_core.package_identification:_identify(log) by extension 'ignore'
[1.160s] Level 1:colcon.colcon_core.package_identification:_identify(log) ignored
[1.160s] Level 1:colcon.colcon_core.package_identification:_identify(src) by extensions ['ignore', 'ignore_ament_install']
[1.161s] Level 1:colcon.colcon_core.package_identification:_identify(src) by extension 'ignore'
[1.161s] Level 1:colcon.colcon_core.package_identification:_identify(src) by extension 'ignore_ament_install'
[1.161s] Level 1:colcon.colcon_core.package_identification:_identify(src) by extensions ['colcon_pkg']
[1.162s] Level 1:colcon.colcon_core.package_identification:_identify(src) by extension 'colcon_pkg'
[1.162s] Level 1:colcon.colcon_core.package_identification:_identify(src) by extensions ['colcon_meta']
[1.162s] Level 1:colcon.colcon_core.package_identification:_identify(src) by extension 'colcon_meta'
[1.162s] Level 1:colcon.colcon_core.package_identification:_identify(src) by extensions ['ros']
[1.162s] Level 1:colcon.colcon_core.package_identification:_identify(src) by extension 'ros'
[1.163s] Level 1:colcon.colcon_core.package_identification:_identify(src) by extensions ['cmake', 'python']
[1.163s] Level 1:colcon.colcon_core.package_identification:_identify(src) by extension 'cmake'
[1.164s] Level 1:colcon.colcon_core.package_identification:_identify(src) by extension 'python'
[1.164s] Level 1:colcon.colcon_core.package_identification:_identify(src) by extensions ['python_setup_py']
[1.164s] Level 1:colcon.colcon_core.package_identification:_identify(src) by extension 'python_setup_py'
[1.165s] Level 1:colcon.colcon_core.package_identification:_identify(src/loadernasa) by extensions ['ignore', 'ignore_ament_install']
[1.165s] Level 1:colcon.colcon_core.package_identification:_identify(src/loadernasa) by extension 'ignore'
[1.166s] Level 1:colcon.colcon_core.package_identification:_identify(src/loadernasa) by extension 'ignore_ament_install'
[1.166s] Level 1:colcon.colcon_core.package_identification:_identify(src/loadernasa) by extensions ['colcon_pkg']
[1.166s] Level 1:colcon.colcon_core.package_identification:_identify(src/loadernasa) by extension 'colcon_pkg'
[1.167s] Level 1:colcon.colcon_core.package_identification:_identify(src/loadernasa) by extensions ['colcon_meta']
[1.167s] Level 1:colcon.colcon_core.package_identification:_identify(src/loadernasa) by extension 'colcon_meta'
[1.167s] Level 1:colcon.colcon_core.package_identification:_identify(src/loadernasa) by extensions ['ros']
[1.168s] Level 1:colcon.colcon_core.package_identification:_identify(src/loadernasa) by extension 'ros'
[1.180s] DEBUG:colcon.colcon_core.package_identification:Package 'src/loadernasa' with type 'ros.ament_python' and name 'loadernasa'
[1.181s] Level 1:colcon.colcon_core.package_identification:_identify(src/ros2-simple-action) by extensions ['ignore', 'ignore_ament_install']
[1.182s] Level 1:colcon.colcon_core.package_identification:_identify(src/ros2-simple-action) by extension 'ignore'
[1.182s] Level 1:colcon.colcon_core.package_identification:_identify(src/ros2-simple-action) by extension 'ignore_ament_install'
[1.182s] Level 1:colcon.colcon_core.package_identification:_identify(src/ros2-simple-action) by extensions ['colcon_pkg']
[1.183s] Level 1:colcon.colcon_core.package_identification:_identify(src/ros2-simple-action) by extension 'colcon_pkg'
[1.183s] Level 1:colcon.colcon_core.package_identification:_identify(src/ros2-simple-action) by extensions ['colcon_meta']
[1.183s] Level 1:colcon.colcon_core.package_identification:_identify(src/ros2-simple-action) by extension 'colcon_meta'
[1.183s] Level 1:colcon.colcon_core.package_identification:_identify(src/ros2-simple-action) by extensions ['ros']
[1.184s] Level 1:colcon.colcon_core.package_identification:_identify(src/ros2-simple-action) by extension 'ros'
[1.187s] DEBUG:colcon.colcon_core.package_identification:Package 'src/ros2-simple-action' with type 'ros.ament_cmake' and name 'action_tutorials'
[1.188s] Level 1:colcon.colcon_core.package_discovery:discover_packages(recursive) using defaults
[1.189s] Level 1:colcon.colcon_core.package_discovery:discover_packages(ignore) discover
[1.189s] Level 1:colcon.colcon_core.package_discovery:discover_packages(ignore) using defaults
[1.189s] Level 1:colcon.colcon_core.package_discovery:discover_packages(path) discover
[1.189s] Level 1:colcon.colcon_core.package_discovery:discover_packages(path) using defaults
[1.203s] INFO:colcon.colcon_core.package_selection:Skipping not selected package 'action_tutorials' in 'src/ros2-simple-action'
[1.217s] Level 5:colcon.colcon_core.verb:set package 'loadernasa' build argument 'cmake_args' from command line to 'None'
[1.217s] Level 5:colcon.colcon_core.verb:set package 'loadernasa' build argument 'cmake_target' from command line to 'None'
[1.217s] Level 5:colcon.colcon_core.verb:set package 'loadernasa' build argument 'cmake_target_skip_unavailable' from command line to 'False'
[1.217s] Level 5:colcon.colcon_core.verb:set package 'loadernasa' build argument 'cmake_clean_cache' from command line to 'False'
[1.218s] Level 5:colcon.colcon_core.verb:set package 'loadernasa' build argument 'cmake_clean_first' from command line to 'False'
[1.218s] Level 5:colcon.colcon_core.verb:set package 'loadernasa' build argument 'cmake_force_configure' from command line to 'False'
[1.218s] Level 5:colcon.colcon_core.verb:set package 'loadernasa' build argument 'ament_cmake_args' from command line to 'None'
[1.218s] Level 5:colcon.colcon_core.verb:set package 'loadernasa' build argument 'catkin_cmake_args' from command line to 'None'
[1.218s] Level 5:colcon.colcon_core.verb:set package 'loadernasa' build argument 'catkin_skip_building_tests' from command line to 'False'
[1.218s] DEBUG:colcon.colcon_core.verb:Building package 'loadernasa' with the following arguments: {'ament_cmake_args': None, 'build_base': '/home/ubuntu/Documents/RMC-MQP-2019-20/RASPI4/loaderWorkSpace/build/loadernasa', 'catkin_cmake_args': None, 'catkin_skip_building_tests': False, 'cmake_args': None, 'cmake_clean_cache': False, 'cmake_clean_first': False, 'cmake_force_configure': False, 'cmake_target': None, 'cmake_target_skip_unavailable': False, 'install_base': '/home/ubuntu/Documents/RMC-MQP-2019-20/RASPI4/loaderWorkSpace/install/loadernasa', 'merge_install': False, 'path': '/home/ubuntu/Documents/RMC-MQP-2019-20/RASPI4/loaderWorkSpace/src/loadernasa', 'symlink_install': False, 'test_result_base': None}
[1.220s] INFO:colcon.colcon_core.executor:Executing jobs using 'parallel' executor
[1.228s] DEBUG:colcon.colcon_parallel_executor.executor.parallel:run_until_complete
[1.230s] INFO:colcon.colcon_ros.task.ament_python.build:Building ROS package in '/home/ubuntu/Documents/RMC-MQP-2019-20/RASPI4/loaderWorkSpace/src/loadernasa' with build type 'ament_python'
[1.230s] Level 1:colcon.colcon_core.shell:create_environment_hook('loadernasa', 'ament_prefix_path')
[1.247s] INFO:colcon.colcon_core.plugin_system:Skipping extension 'colcon_core.shell.bat': Not used on non-Windows systems
[1.249s] INFO:colcon.colcon_core.shell:Creating environment hook '/home/ubuntu/Documents/RMC-MQP-2019-20/RASPI4/loaderWorkSpace/install/loadernasa/share/loadernasa/hook/ament_prefix_path.ps1'
[1.254s] INFO:colcon.colcon_core.shell:Creating environment descriptor '/home/ubuntu/Documents/RMC-MQP-2019-20/RASPI4/loaderWorkSpace/install/loadernasa/share/loadernasa/hook/ament_prefix_path.dsv'
[1.257s] INFO:colcon.colcon_core.shell:Creating environment hook '/home/ubuntu/Documents/RMC-MQP-2019-20/RASPI4/loaderWorkSpace/install/loadernasa/share/loadernasa/hook/ament_prefix_path.sh'
[1.269s] INFO:colcon.colcon_core.shell:Skip shell extension 'powershell' for command environment: Not usable outside of PowerShell
[1.271s] DEBUG:colcon.colcon_core.shell:Skip shell extension 'dsv' for command environment
[1.287s] DEBUG:colcon.colcon_core.shell:Ignoring prefix path '/opt/ros/dashing'
[2.761s] INFO:colcon.colcon_core.task.python.build:Building Python package in '/home/ubuntu/Documents/RMC-MQP-2019-20/RASPI4/loaderWorkSpace/src/loadernasa'
[2.766s] INFO:colcon.colcon_core.shell:Skip shell extension 'powershell' for command environment: Not usable outside of PowerShell
[2.767s] DEBUG:colcon.colcon_core.shell:Skip shell extension 'dsv' for command environment
[2.782s] DEBUG:colcon.colcon_core.shell:Ignoring prefix path '/opt/ros/dashing'
[4.224s] DEBUG:colcon.colcon_core.event_handler.log_command:Invoking command in '/home/ubuntu/Documents/RMC-MQP-2019-20/RASPI4/loaderWorkSpace/src/loadernasa': PYTHONPATH=/home/ubuntu/Documents/RMC-MQP-2019-20/RASPI4/loaderWorkSpace/install/loadernasa/lib/python3.6/site-packages:${PYTHONPATH} /usr/bin/python3 setup.py egg_info --egg-base /home/ubuntu/Documents/RMC-MQP-2019-20/RASPI4/loaderWorkSpace/build/loadernasa build --build-base /home/ubuntu/Documents/RMC-MQP-2019-20/RASPI4/loaderWorkSpace/build/loadernasa/build install --prefix /home/ubuntu/Documents/RMC-MQP-2019-20/RASPI4/loaderWorkSpace/install/loadernasa --record /home/ubuntu/Documents/RMC-MQP-2019-20/RASPI4/loaderWorkSpace/build/loadernasa/install.log --single-version-externally-managed
[5.814s] DEBUG:colcon.colcon_core.event_handler.log_command:Invoked command in '/home/ubuntu/Documents/RMC-MQP-2019-20/RASPI4/loaderWorkSpace/src/loadernasa' returned '0': PYTHONPATH=/home/ubuntu/Documents/RMC-MQP-2019-20/RASPI4/loaderWorkSpace/install/loadernasa/lib/python3.6/site-packages:${PYTHONPATH} /usr/bin/python3 setup.py egg_info --egg-base /home/ubuntu/Documents/RMC-MQP-2019-20/RASPI4/loaderWorkSpace/build/loadernasa build --build-base /home/ubuntu/Documents/RMC-MQP-2019-20/RASPI4/loaderWorkSpace/build/loadernasa/build install --prefix /home/ubuntu/Documents/RMC-MQP-2019-20/RASPI4/loaderWorkSpace/install/loadernasa --record /home/ubuntu/Documents/RMC-MQP-2019-20/RASPI4/loaderWorkSpace/build/loadernasa/install.log --single-version-externally-managed
[5.830s] Level 1:colcon.colcon_core.environment:checking '/home/ubuntu/Documents/RMC-MQP-2019-20/RASPI4/loaderWorkSpace/install/loadernasa' for CMake module files
[5.834s] Level 1:colcon.colcon_core.environment:checking '/home/ubuntu/Documents/RMC-MQP-2019-20/RASPI4/loaderWorkSpace/install/loadernasa' for CMake config files
[5.841s] Level 1:colcon.colcon_core.environment:checking '/home/ubuntu/Documents/RMC-MQP-2019-20/RASPI4/loaderWorkSpace/install/loadernasa/lib'
[5.842s] Level 1:colcon.colcon_core.environment:checking '/home/ubuntu/Documents/RMC-MQP-2019-20/RASPI4/loaderWorkSpace/install/loadernasa/bin'
[5.842s] Level 1:colcon.colcon_core.environment:checking '/home/ubuntu/Documents/RMC-MQP-2019-20/RASPI4/loaderWorkSpace/install/loadernasa/lib/pkgconfig/loadernasa.pc'
[5.842s] Level 1:colcon.colcon_core.environment:checking '/home/ubuntu/Documents/RMC-MQP-2019-20/RASPI4/loaderWorkSpace/install/loadernasa/lib/python3.6/site-packages'
[5.843s] Level 1:colcon.colcon_core.shell:create_environment_hook('loadernasa', 'pythonpath')
[5.845s] INFO:colcon.colcon_core.shell:Creating environment hook '/home/ubuntu/Documents/RMC-MQP-2019-20/RASPI4/loaderWorkSpace/install/loadernasa/share/loadernasa/hook/pythonpath.ps1'
[5.848s] INFO:colcon.colcon_core.shell:Creating environment descriptor '/home/ubuntu/Documents/RMC-MQP-2019-20/RASPI4/loaderWorkSpace/install/loadernasa/share/loadernasa/hook/pythonpath.dsv'
[5.849s] INFO:colcon.colcon_core.shell:Creating environment hook '/home/ubuntu/Documents/RMC-MQP-2019-20/RASPI4/loaderWorkSpace/install/loadernasa/share/loadernasa/hook/pythonpath.sh'
[5.851s] Level 1:colcon.colcon_core.environment:create_environment_scripts_only(loadernasa)
[5.855s] INFO:colcon.colcon_core.shell:Creating package script '/home/ubuntu/Documents/RMC-MQP-2019-20/RASPI4/loaderWorkSpace/install/loadernasa/share/loadernasa/package.ps1'
[5.860s] INFO:colcon.colcon_core.shell:Creating package descriptor '/home/ubuntu/Documents/RMC-MQP-2019-20/RASPI4/loaderWorkSpace/install/loadernasa/share/loadernasa/package.dsv'
[5.863s] INFO:colcon.colcon_core.shell:Creating package script '/home/ubuntu/Documents/RMC-MQP-2019-20/RASPI4/loaderWorkSpace/install/loadernasa/share/loadernasa/package.sh'
[5.868s] INFO:colcon.colcon_core.shell:Creating package script '/home/ubuntu/Documents/RMC-MQP-2019-20/RASPI4/loaderWorkSpace/install/loadernasa/share/loadernasa/package.bash'
[5.873s] INFO:colcon.colcon_core.shell:Creating package script '/home/ubuntu/Documents/RMC-MQP-2019-20/RASPI4/loaderWorkSpace/install/loadernasa/share/loadernasa/package.zsh'
[5.877s] Level 1:colcon.colcon_core.environment:create_file_with_runtime_dependencies(/home/ubuntu/Documents/RMC-MQP-2019-20/RASPI4/loaderWorkSpace/install/loadernasa/share/colcon-core/packages/loadernasa)
[5.879s] DEBUG:colcon.colcon_parallel_executor.executor.parallel:closing loop
[5.881s] DEBUG:colcon.colcon_parallel_executor.executor.parallel:loop closed
[5.881s] DEBUG:colcon.colcon_parallel_executor.executor.parallel:run_until_complete finished with '0'
[5.882s] DEBUG:colcon.colcon_core.event_reactor:joining thread
[5.927s] INFO:colcon.colcon_core.plugin_system:Skipping extension 'colcon_notification.desktop_notification.terminal_notifier': Not used on non-Darwin systems
[5.928s] INFO:colcon.colcon_core.plugin_system:Skipping extension 'colcon_notification.desktop_notification.win32': Not used on non-Windows systems
[5.928s] INFO:colcon.colcon_notification.desktop_notification:Sending desktop notification using 'notify2'
[5.947s] DEBUG:colcon.colcon_core.event_reactor:joined thread
[5.953s] INFO:colcon.colcon_core.shell:Creating prefix script '/home/ubuntu/Documents/RMC-MQP-2019-20/RASPI4/loaderWorkSpace/install/local_setup.ps1'
[5.959s] INFO:colcon.colcon_core.shell:Creating prefix util module '/home/ubuntu/Documents/RMC-MQP-2019-20/RASPI4/loaderWorkSpace/install/_local_setup_util_ps1.py'
[5.968s] INFO:colcon.colcon_core.shell:Creating prefix chain script '/home/ubuntu/Documents/RMC-MQP-2019-20/RASPI4/loaderWorkSpace/install/setup.ps1'
[5.987s] INFO:colcon.colcon_core.shell:Creating prefix script '/home/ubuntu/Documents/RMC-MQP-2019-20/RASPI4/loaderWorkSpace/install/local_setup.sh'
[5.990s] INFO:colcon.colcon_core.shell:Creating prefix util module '/home/ubuntu/Documents/RMC-MQP-2019-20/RASPI4/loaderWorkSpace/install/_local_setup_util_sh.py'
[5.992s] INFO:colcon.colcon_core.shell:Creating prefix chain script '/home/ubuntu/Documents/RMC-MQP-2019-20/RASPI4/loaderWorkSpace/install/setup.sh'
[6.004s] INFO:colcon.colcon_core.shell:Creating prefix script '/home/ubuntu/Documents/RMC-MQP-2019-20/RASPI4/loaderWorkSpace/install/local_setup.bash'
[6.007s] INFO:colcon.colcon_core.shell:Creating prefix chain script '/home/ubuntu/Documents/RMC-MQP-2019-20/RASPI4/loaderWorkSpace/install/setup.bash'
[6.019s] INFO:colcon.colcon_core.shell:Creating prefix script '/home/ubuntu/Documents/RMC-MQP-2019-20/RASPI4/loaderWorkSpace/install/local_setup.zsh'
[6.022s] INFO:colcon.colcon_core.shell:Creating prefix chain script '/home/ubuntu/Documents/RMC-MQP-2019-20/RASPI4/loaderWorkSpace/install/setup.zsh'
