[0.746s] DEBUG:colcon:Command line arguments: ['/usr/bin/colcon', 'build', '--packages-select', 'loadernasa']
[0.746s] DEBUG:colcon:Parsed command line arguments: Namespace(ament_cmake_args=None, base_paths=['.'], build_base='build', catkin_cmake_args=None, catkin_skip_building_tests=False, cmake_args=None, cmake_clean_cache=False, cmake_clean_first=False, cmake_force_configure=False, cmake_target=None, cmake_target_skip_unavailable=False, continue_on_error=False, event_handlers=None, executor='parallel', ignore_user_meta=False, install_base='install', log_base=None, log_level=None, main=<bound method BuildVerb.main of <colcon_core.verb.build.BuildVerb object at 0xffff8d5e1f98>>, merge_install=False, metas=['./colcon.meta'], packages_above=None, packages_above_depth=None, packages_end=None, packages_ignore=None, packages_ignore_regex=None, packages_select=['loadernasa'], packages_select_build_failed=False, packages_select_by_dep=None, packages_select_regex=None, packages_select_test_failures=False, packages_skip=None, packages_skip_build_finished=False, packages_skip_by_dep=None, packages_skip_regex=None, packages_skip_test_passed=False, packages_skip_up_to=None, packages_start=None, packages_up_to=None, parallel_workers=4, paths=None, symlink_install=False, test_result_base=None, verb_extension=<colcon_core.verb.build.BuildVerb object at 0xffff8d5e1f98>, verb_name='build', verb_parser=<colcon_defaults.argument_parser.defaults.DefaultArgumentsDecorator object at 0xffff8d56d320>)
[0.978s] Level 1:colcon.colcon_core.package_discovery:discover_packages(colcon_meta) check parameters
[0.979s] Level 1:colcon.colcon_core.package_discovery:discover_packages(recursive) check parameters
[0.979s] Level 1:colcon.colcon_core.package_discovery:discover_packages(ignore) check parameters
[0.979s] Level 1:colcon.colcon_core.package_discovery:discover_packages(path) check parameters
[0.979s] Level 1:colcon.colcon_core.package_discovery:discover_packages(colcon_meta) discover
[0.981s] Level 1:colcon.colcon_core.package_discovery:discover_packages(recursive) discover
[0.981s] INFO:colcon.colcon_core.package_discovery:Crawling recursively for packages in '/home/ubuntu/Documents/RMC-MQP-2019-20/RASPI4/loaderWorkSpace'
[0.981s] Level 1:colcon.colcon_core.package_identification:_identify(.) by extensions ['ignore', 'ignore_ament_install']
[0.982s] Level 1:colcon.colcon_core.package_identification:_identify(.) by extension 'ignore'
[0.982s] Level 1:colcon.colcon_core.package_identification:_identify(.) by extension 'ignore_ament_install'
[0.983s] Level 1:colcon.colcon_core.package_identification:_identify(.) by extensions ['colcon_pkg']
[0.983s] Level 1:colcon.colcon_core.package_identification:_identify(.) by extension 'colcon_pkg'
[0.983s] Level 1:colcon.colcon_core.package_identification:_identify(.) by extensions ['colcon_meta']
[0.983s] Level 1:colcon.colcon_core.package_identification:_identify(.) by extension 'colcon_meta'
[0.983s] Level 1:colcon.colcon_core.package_identification:_identify(.) by extensions ['ros']
[0.984s] Level 1:colcon.colcon_core.package_identification:_identify(.) by extension 'ros'
[1.039s] Level 1:colcon.colcon_core.package_identification:_identify(.) by extensions ['cmake', 'python']
[1.039s] Level 1:colcon.colcon_core.package_identification:_identify(.) by extension 'cmake'
[1.039s] Level 1:colcon.colcon_core.package_identification:_identify(.) by extension 'python'
[1.040s] Level 1:colcon.colcon_core.package_identification:_identify(.) by extensions ['python_setup_py']
[1.040s] Level 1:colcon.colcon_core.package_identification:_identify(.) by extension 'python_setup_py'
[1.040s] Level 1:colcon.colcon_core.package_identification:_identify(build) by extensions ['ignore', 'ignore_ament_install']
[1.041s] Level 1:colcon.colcon_core.package_identification:_identify(build) by extension 'ignore'
[1.041s] Level 1:colcon.colcon_core.package_identification:_identify(build) ignored
[1.043s] Level 1:colcon.colcon_core.package_identification:_identify(install) by extensions ['ignore', 'ignore_ament_install']
[1.044s] Level 1:colcon.colcon_core.package_identification:_identify(install) by extension 'ignore'
[1.044s] Level 1:colcon.colcon_core.package_identification:_identify(install) ignored
[1.044s] Level 1:colcon.colcon_core.package_identification:_identify(log) by extensions ['ignore', 'ignore_ament_install']
[1.045s] Level 1:colcon.colcon_core.package_identification:_identify(log) by extension 'ignore'
[1.045s] Level 1:colcon.colcon_core.package_identification:_identify(log) ignored
[1.046s] Level 1:colcon.colcon_core.package_identification:_identify(src) by extensions ['ignore', 'ignore_ament_install']
[1.046s] Level 1:colcon.colcon_core.package_identification:_identify(src) by extension 'ignore'
[1.046s] Level 1:colcon.colcon_core.package_identification:_identify(src) by extension 'ignore_ament_install'
[1.047s] Level 1:colcon.colcon_core.package_identification:_identify(src) by extensions ['colcon_pkg']
[1.047s] Level 1:colcon.colcon_core.package_identification:_identify(src) by extension 'colcon_pkg'
[1.047s] Level 1:colcon.colcon_core.package_identification:_identify(src) by extensions ['colcon_meta']
[1.047s] Level 1:colcon.colcon_core.package_identification:_identify(src) by extension 'colcon_meta'
[1.047s] Level 1:colcon.colcon_core.package_identification:_identify(src) by extensions ['ros']
[1.048s] Level 1:colcon.colcon_core.package_identification:_identify(src) by extension 'ros'
[1.048s] Level 1:colcon.colcon_core.package_identification:_identify(src) by extensions ['cmake', 'python']
[1.048s] Level 1:colcon.colcon_core.package_identification:_identify(src) by extension 'cmake'
[1.049s] Level 1:colcon.colcon_core.package_identification:_identify(src) by extension 'python'
[1.049s] Level 1:colcon.colcon_core.package_identification:_identify(src) by extensions ['python_setup_py']
[1.049s] Level 1:colcon.colcon_core.package_identification:_identify(src) by extension 'python_setup_py'
[1.050s] Level 1:colcon.colcon_core.package_identification:_identify(src/loadernasa) by extensions ['ignore', 'ignore_ament_install']
[1.050s] Level 1:colcon.colcon_core.package_identification:_identify(src/loadernasa) by extension 'ignore'
[1.051s] Level 1:colcon.colcon_core.package_identification:_identify(src/loadernasa) by extension 'ignore_ament_install'
[1.051s] Level 1:colcon.colcon_core.package_identification:_identify(src/loadernasa) by extensions ['colcon_pkg']
[1.051s] Level 1:colcon.colcon_core.package_identification:_identify(src/loadernasa) by extension 'colcon_pkg'
[1.051s] Level 1:colcon.colcon_core.package_identification:_identify(src/loadernasa) by extensions ['colcon_meta']
[1.052s] Level 1:colcon.colcon_core.package_identification:_identify(src/loadernasa) by extension 'colcon_meta'
[1.052s] Level 1:colcon.colcon_core.package_identification:_identify(src/loadernasa) by extensions ['ros']
[1.052s] Level 1:colcon.colcon_core.package_identification:_identify(src/loadernasa) by extension 'ros'
[1.067s] DEBUG:colcon.colcon_core.package_identification:Package 'src/loadernasa' with type 'ros.ament_python' and name 'loadernasa'
[1.068s] Level 1:colcon.colcon_core.package_discovery:discover_packages(recursive) using defaults
[1.069s] Level 1:colcon.colcon_core.package_discovery:discover_packages(ignore) discover
[1.069s] Level 1:colcon.colcon_core.package_discovery:discover_packages(ignore) using defaults
[1.069s] Level 1:colcon.colcon_core.package_discovery:discover_packages(path) discover
[1.069s] Level 1:colcon.colcon_core.package_discovery:discover_packages(path) using defaults
[1.096s] Level 5:colcon.colcon_core.verb:set package 'loadernasa' build argument 'cmake_args' from command line to 'None'
[1.096s] Level 5:colcon.colcon_core.verb:set package 'loadernasa' build argument 'cmake_target' from command line to 'None'
[1.097s] Level 5:colcon.colcon_core.verb:set package 'loadernasa' build argument 'cmake_target_skip_unavailable' from command line to 'False'
[1.097s] Level 5:colcon.colcon_core.verb:set package 'loadernasa' build argument 'cmake_clean_cache' from command line to 'False'
[1.097s] Level 5:colcon.colcon_core.verb:set package 'loadernasa' build argument 'cmake_clean_first' from command line to 'False'
[1.097s] Level 5:colcon.colcon_core.verb:set package 'loadernasa' build argument 'cmake_force_configure' from command line to 'False'
[1.097s] Level 5:colcon.colcon_core.verb:set package 'loadernasa' build argument 'ament_cmake_args' from command line to 'None'
[1.098s] Level 5:colcon.colcon_core.verb:set package 'loadernasa' build argument 'catkin_cmake_args' from command line to 'None'
[1.098s] Level 5:colcon.colcon_core.verb:set package 'loadernasa' build argument 'catkin_skip_building_tests' from command line to 'False'
[1.098s] DEBUG:colcon.colcon_core.verb:Building package 'loadernasa' with the following arguments: {'ament_cmake_args': None, 'build_base': '/home/ubuntu/Documents/RMC-MQP-2019-20/RASPI4/loaderWorkSpace/build/loadernasa', 'catkin_cmake_args': None, 'catkin_skip_building_tests': False, 'cmake_args': None, 'cmake_clean_cache': False, 'cmake_clean_first': False, 'cmake_force_configure': False, 'cmake_target': None, 'cmake_target_skip_unavailable': False, 'install_base': '/home/ubuntu/Documents/RMC-MQP-2019-20/RASPI4/loaderWorkSpace/install/loadernasa', 'merge_install': False, 'path': '/home/ubuntu/Documents/RMC-MQP-2019-20/RASPI4/loaderWorkSpace/src/loadernasa', 'symlink_install': False, 'test_result_base': None}
[1.100s] INFO:colcon.colcon_core.executor:Executing jobs using 'parallel' executor
[1.107s] DEBUG:colcon.colcon_parallel_executor.executor.parallel:run_until_complete
[1.108s] INFO:colcon.colcon_ros.task.ament_python.build:Building ROS package in '/home/ubuntu/Documents/RMC-MQP-2019-20/RASPI4/loaderWorkSpace/src/loadernasa' with build type 'ament_python'
[1.109s] Level 1:colcon.colcon_core.shell:create_environment_hook('loadernasa', 'ament_prefix_path')
[1.126s] INFO:colcon.colcon_core.plugin_system:Skipping extension 'colcon_core.shell.bat': Not used on non-Windows systems
[1.127s] INFO:colcon.colcon_core.shell:Creating environment hook '/home/ubuntu/Documents/RMC-MQP-2019-20/RASPI4/loaderWorkSpace/install/loadernasa/share/loadernasa/hook/ament_prefix_path.ps1'
[1.130s] INFO:colcon.colcon_core.shell:Creating environment descriptor '/home/ubuntu/Documents/RMC-MQP-2019-20/RASPI4/loaderWorkSpace/install/loadernasa/share/loadernasa/hook/ament_prefix_path.dsv'
[1.133s] INFO:colcon.colcon_core.shell:Creating environment hook '/home/ubuntu/Documents/RMC-MQP-2019-20/RASPI4/loaderWorkSpace/install/loadernasa/share/loadernasa/hook/ament_prefix_path.sh'
[1.139s] INFO:colcon.colcon_core.shell:Skip shell extension 'powershell' for command environment: Not usable outside of PowerShell
[1.140s] DEBUG:colcon.colcon_core.shell:Skip shell extension 'dsv' for command environment
[1.159s] DEBUG:colcon.colcon_core.shell:Ignoring prefix path '/opt/ros/dashing'
[2.542s] INFO:colcon.colcon_core.task.python.build:Building Python package in '/home/ubuntu/Documents/RMC-MQP-2019-20/RASPI4/loaderWorkSpace/src/loadernasa'
[2.546s] INFO:colcon.colcon_core.shell:Skip shell extension 'powershell' for command environment: Not usable outside of PowerShell
[2.546s] DEBUG:colcon.colcon_core.shell:Skip shell extension 'dsv' for command environment
[2.555s] DEBUG:colcon.colcon_core.shell:Ignoring prefix path '/opt/ros/dashing'
[3.932s] DEBUG:colcon.colcon_core.event_handler.log_command:Invoking command in '/home/ubuntu/Documents/RMC-MQP-2019-20/RASPI4/loaderWorkSpace/src/loadernasa': PYTHONPATH=/home/ubuntu/Documents/RMC-MQP-2019-20/RASPI4/loaderWorkSpace/install/loadernasa/lib/python3.6/site-packages:${PYTHONPATH} /usr/bin/python3 setup.py egg_info --egg-base /home/ubuntu/Documents/RMC-MQP-2019-20/RASPI4/loaderWorkSpace/build/loadernasa build --build-base /home/ubuntu/Documents/RMC-MQP-2019-20/RASPI4/loaderWorkSpace/build/loadernasa/build install --prefix /home/ubuntu/Documents/RMC-MQP-2019-20/RASPI4/loaderWorkSpace/install/loadernasa --record /home/ubuntu/Documents/RMC-MQP-2019-20/RASPI4/loaderWorkSpace/build/loadernasa/install.log --single-version-externally-managed
[5.546s] DEBUG:colcon.colcon_core.event_handler.log_command:Invoked command in '/home/ubuntu/Documents/RMC-MQP-2019-20/RASPI4/loaderWorkSpace/src/loadernasa' returned '0': PYTHONPATH=/home/ubuntu/Documents/RMC-MQP-2019-20/RASPI4/loaderWorkSpace/install/loadernasa/lib/python3.6/site-packages:${PYTHONPATH} /usr/bin/python3 setup.py egg_info --egg-base /home/ubuntu/Documents/RMC-MQP-2019-20/RASPI4/loaderWorkSpace/build/loadernasa build --build-base /home/ubuntu/Documents/RMC-MQP-2019-20/RASPI4/loaderWorkSpace/build/loadernasa/build install --prefix /home/ubuntu/Documents/RMC-MQP-2019-20/RASPI4/loaderWorkSpace/install/loadernasa --record /home/ubuntu/Documents/RMC-MQP-2019-20/RASPI4/loaderWorkSpace/build/loadernasa/install.log --single-version-externally-managed
[5.560s] Level 1:colcon.colcon_core.environment:checking '/home/ubuntu/Documents/RMC-MQP-2019-20/RASPI4/loaderWorkSpace/install/loadernasa' for CMake module files
[5.564s] Level 1:colcon.colcon_core.environment:checking '/home/ubuntu/Documents/RMC-MQP-2019-20/RASPI4/loaderWorkSpace/install/loadernasa' for CMake config files
[5.569s] Level 1:colcon.colcon_core.environment:checking '/home/ubuntu/Documents/RMC-MQP-2019-20/RASPI4/loaderWorkSpace/install/loadernasa/lib'
[5.570s] Level 1:colcon.colcon_core.environment:checking '/home/ubuntu/Documents/RMC-MQP-2019-20/RASPI4/loaderWorkSpace/install/loadernasa/bin'
[5.571s] Level 1:colcon.colcon_core.environment:checking '/home/ubuntu/Documents/RMC-MQP-2019-20/RASPI4/loaderWorkSpace/install/loadernasa/lib/pkgconfig/loadernasa.pc'
[5.571s] Level 1:colcon.colcon_core.environment:checking '/home/ubuntu/Documents/RMC-MQP-2019-20/RASPI4/loaderWorkSpace/install/loadernasa/lib/python3.6/site-packages'
[5.571s] Level 1:colcon.colcon_core.shell:create_environment_hook('loadernasa', 'pythonpath')
[5.574s] INFO:colcon.colcon_core.shell:Creating environment hook '/home/ubuntu/Documents/RMC-MQP-2019-20/RASPI4/loaderWorkSpace/install/loadernasa/share/loadernasa/hook/pythonpath.ps1'
[5.577s] INFO:colcon.colcon_core.shell:Creating environment descriptor '/home/ubuntu/Documents/RMC-MQP-2019-20/RASPI4/loaderWorkSpace/install/loadernasa/share/loadernasa/hook/pythonpath.dsv'
[5.578s] INFO:colcon.colcon_core.shell:Creating environment hook '/home/ubuntu/Documents/RMC-MQP-2019-20/RASPI4/loaderWorkSpace/install/loadernasa/share/loadernasa/hook/pythonpath.sh'
[5.580s] Level 1:colcon.colcon_core.environment:create_environment_scripts_only(loadernasa)
[5.584s] INFO:colcon.colcon_core.shell:Creating package script '/home/ubuntu/Documents/RMC-MQP-2019-20/RASPI4/loaderWorkSpace/install/loadernasa/share/loadernasa/package.ps1'
[5.595s] INFO:colcon.colcon_core.shell:Creating package descriptor '/home/ubuntu/Documents/RMC-MQP-2019-20/RASPI4/loaderWorkSpace/install/loadernasa/share/loadernasa/package.dsv'
[5.598s] INFO:colcon.colcon_core.shell:Creating package script '/home/ubuntu/Documents/RMC-MQP-2019-20/RASPI4/loaderWorkSpace/install/loadernasa/share/loadernasa/package.sh'
[5.603s] INFO:colcon.colcon_core.shell:Creating package script '/home/ubuntu/Documents/RMC-MQP-2019-20/RASPI4/loaderWorkSpace/install/loadernasa/share/loadernasa/package.bash'
[5.608s] INFO:colcon.colcon_core.shell:Creating package script '/home/ubuntu/Documents/RMC-MQP-2019-20/RASPI4/loaderWorkSpace/install/loadernasa/share/loadernasa/package.zsh'
[5.612s] Level 1:colcon.colcon_core.environment:create_file_with_runtime_dependencies(/home/ubuntu/Documents/RMC-MQP-2019-20/RASPI4/loaderWorkSpace/install/loadernasa/share/colcon-core/packages/loadernasa)
[5.613s] DEBUG:colcon.colcon_parallel_executor.executor.parallel:closing loop
[5.615s] DEBUG:colcon.colcon_parallel_executor.executor.parallel:loop closed
[5.615s] DEBUG:colcon.colcon_parallel_executor.executor.parallel:run_until_complete finished with '0'
[5.616s] DEBUG:colcon.colcon_core.event_reactor:joining thread
[5.673s] INFO:colcon.colcon_core.plugin_system:Skipping extension 'colcon_notification.desktop_notification.terminal_notifier': Not used on non-Darwin systems
[5.673s] INFO:colcon.colcon_core.plugin_system:Skipping extension 'colcon_notification.desktop_notification.win32': Not used on non-Windows systems
[5.674s] INFO:colcon.colcon_notification.desktop_notification:Sending desktop notification using 'notify2'
[5.721s] DEBUG:colcon.colcon_core.event_reactor:joined thread
[5.724s] INFO:colcon.colcon_core.shell:Creating prefix script '/home/ubuntu/Documents/RMC-MQP-2019-20/RASPI4/loaderWorkSpace/install/local_setup.ps1'
[5.730s] INFO:colcon.colcon_core.shell:Creating prefix util module '/home/ubuntu/Documents/RMC-MQP-2019-20/RASPI4/loaderWorkSpace/install/_local_setup_util_ps1.py'
[5.739s] INFO:colcon.colcon_core.shell:Creating prefix chain script '/home/ubuntu/Documents/RMC-MQP-2019-20/RASPI4/loaderWorkSpace/install/setup.ps1'
[5.761s] INFO:colcon.colcon_core.shell:Creating prefix script '/home/ubuntu/Documents/RMC-MQP-2019-20/RASPI4/loaderWorkSpace/install/local_setup.sh'
[5.765s] INFO:colcon.colcon_core.shell:Creating prefix util module '/home/ubuntu/Documents/RMC-MQP-2019-20/RASPI4/loaderWorkSpace/install/_local_setup_util_sh.py'
[5.767s] INFO:colcon.colcon_core.shell:Creating prefix chain script '/home/ubuntu/Documents/RMC-MQP-2019-20/RASPI4/loaderWorkSpace/install/setup.sh'
[5.778s] INFO:colcon.colcon_core.shell:Creating prefix script '/home/ubuntu/Documents/RMC-MQP-2019-20/RASPI4/loaderWorkSpace/install/local_setup.bash'
[5.781s] INFO:colcon.colcon_core.shell:Creating prefix chain script '/home/ubuntu/Documents/RMC-MQP-2019-20/RASPI4/loaderWorkSpace/install/setup.bash'
[5.792s] INFO:colcon.colcon_core.shell:Creating prefix script '/home/ubuntu/Documents/RMC-MQP-2019-20/RASPI4/loaderWorkSpace/install/local_setup.zsh'
[5.795s] INFO:colcon.colcon_core.shell:Creating prefix chain script '/home/ubuntu/Documents/RMC-MQP-2019-20/RASPI4/loaderWorkSpace/install/setup.zsh'
